{"total": {"lines":{"total":1835,"covered":1432,"skipped":0,"pct":78.03},"statements":{"total":1835,"covered":1432,"skipped":0,"pct":78.03},"functions":{"total":97,"covered":64,"skipped":0,"pct":65.97},"branches":{"total":448,"covered":347,"skipped":0,"pct":77.45},"branchesTrue":{"total":0,"covered":0,"skipped":0,"pct":100}}
,"/Users/damiancanton/Documents/gannt-inther/components/gantt/gantt-grid.tsx": {"lines":{"total":235,"covered":162,"skipped":0,"pct":68.93},"functions":{"total":8,"covered":3,"skipped":0,"pct":37.5},"statements":{"total":235,"covered":162,"skipped":0,"pct":68.93},"branches":{"total":42,"covered":32,"skipped":0,"pct":76.19}}
,"/Users/damiancanton/Documents/gannt-inther/components/gantt/gantt-interactive.tsx": {"lines":{"total":376,"covered":323,"skipped":0,"pct":85.9},"functions":{"total":24,"covered":10,"skipped":0,"pct":41.66},"statements":{"total":376,"covered":323,"skipped":0,"pct":85.9},"branches":{"total":82,"covered":67,"skipped":0,"pct":81.7}}
,"/Users/damiancanton/Documents/gannt-inther/components/gantt/print-config-modal.tsx": {"lines":{"total":92,"covered":75,"skipped":0,"pct":81.52},"functions":{"total":5,"covered":1,"skipped":0,"pct":20},"statements":{"total":92,"covered":75,"skipped":0,"pct":81.52},"branches":{"total":5,"covered":4,"skipped":0,"pct":80}}
,"/Users/damiancanton/Documents/gannt-inther/components/gantt/print-projection.ts": {"lines":{"total":55,"covered":49,"skipped":0,"pct":89.09},"functions":{"total":5,"covered":5,"skipped":0,"pct":100},"statements":{"total":55,"covered":49,"skipped":0,"pct":89.09},"branches":{"total":22,"covered":16,"skipped":0,"pct":72.72}}
,"/Users/damiancanton/Documents/gannt-inther/components/gantt/task-editor.tsx": {"lines":{"total":368,"covered":297,"skipped":0,"pct":80.7},"functions":{"total":17,"covered":13,"skipped":0,"pct":76.47},"statements":{"total":368,"covered":297,"skipped":0,"pct":80.7},"branches":{"total":120,"covered":90,"skipped":0,"pct":75}}
,"/Users/damiancanton/Documents/gannt-inther/lib/gantt-dag.ts": {"lines":{"total":275,"covered":247,"skipped":0,"pct":89.81},"functions":{"total":12,"covered":12,"skipped":0,"pct":100},"statements":{"total":275,"covered":247,"skipped":0,"pct":89.81},"branches":{"total":96,"covered":72,"skipped":0,"pct":75}}
,"/Users/damiancanton/Documents/gannt-inther/lib/domain/gantt-crud-service.ts": {"lines":{"total":195,"covered":177,"skipped":0,"pct":90.76},"functions":{"total":10,"covered":10,"skipped":0,"pct":100},"statements":{"total":195,"covered":177,"skipped":0,"pct":90.76},"branches":{"total":64,"covered":54,"skipped":0,"pct":84.37}}
,"/Users/damiancanton/Documents/gannt-inther/lib/repositories/gantt-repo.ts": {"lines":{"total":239,"covered":102,"skipped":0,"pct":42.67},"functions":{"total":15,"covered":9,"skipped":0,"pct":60},"statements":{"total":239,"covered":102,"skipped":0,"pct":42.67},"branches":{"total":16,"covered":11,"skipped":0,"pct":68.75}}
,"/Users/damiancanton/Documents/gannt-inther/types/gantt.ts": {"lines":{"total":0,"covered":0,"skipped":0,"pct":100},"functions":{"total":1,"covered":1,"skipped":0,"pct":100},"statements":{"total":0,"covered":0,"skipped":0,"pct":100},"branches":{"total":1,"covered":1,"skipped":0,"pct":100}}
}
