{"/Users/damiancanton/Documents/gannt-inther/components/gantt/gantt-grid.tsx": {"path":"/Users/damiancanton/Documents/gannt-inther/components/gantt/gantt-grid.tsx","all":false,"statementMap":{"0":{"start":{"line":1,"column":0},"end":{"line":1,"column":12}},"29":{"start":{"line":30,"column":0},"end":{"line":30,"column":26}},"30":{"start":{"line":31,"column":0},"end":{"line":31,"column":31}},"32":{"start":{"line":33,"column":0},"end":{"line":33,"column":27}},"33":{"start":{"line":34,"column":0},"end":{"line":34,"column":8}},"34":{"start":{"line":35,"column":0},"end":{"line":35,"column":16}},"35":{"start":{"line":36,"column":0},"end":{"line":36,"column":17}},"36":{"start":{"line":37,"column":0},"end":{"line":37,"column":31}},"37":{"start":{"line":38,"column":0},"end":{"line":38,"column":15}},"38":{"start":{"line":39,"column":0},"end":{"line":39,"column":24}},"39":{"start":{"line":40,"column":0},"end":{"line":40,"column":17}},"40":{"start":{"line":41,"column":0},"end":{"line":41,"column":20}},"41":{"start":{"line":42,"column":0},"end":{"line":42,"column":14}},"42":{"start":{"line":43,"column":0},"end":{"line":43,"column":22}},"43":{"start":{"line":44,"column":0},"end":{"line":44,"column":20}},"44":{"start":{"line":45,"column":0},"end":{"line":45,"column":56}},"45":{"start":{"line":46,"column":0},"end":{"line":46,"column":31}},"46":{"start":{"line":47,"column":0},"end":{"line":47,"column":22}},"47":{"start":{"line":48,"column":0},"end":{"line":48,"column":14}},"48":{"start":{"line":49,"column":0},"end":{"line":49,"column":23}},"49":{"start":{"line":50,"column":0},"end":{"line":50,"column":4}},"50":{"start":{"line":51,"column":0},"end":{"line":51,"column":40}},"52":{"start":{"line":53,"column":0},"end":{"line":53,"column":72}},"53":{"start":{"line":54,"column":0},"end":{"line":54,"column":71}},"54":{"start":{"line":55,"column":0},"end":{"line":55,"column":56}},"55":{"start":{"line":56,"column":0},"end":{"line":56,"column":58}},"56":{"start":{"line":57,"column":0},"end":{"line":57,"column":28}},"57":{"start":{"line":58,"column":0},"end":{"line":58,"column":36}},"58":{"start":{"line":59,"column":0},"end":{"line":59,"column":5}},"60":{"start":{"line":61,"column":0},"end":{"line":61,"column":61}},"61":{"start":{"line":62,"column":0},"end":{"line":62,"column":4}},"63":{"start":{"line":64,"column":0},"end":{"line":64,"column":19}},"64":{"start":{"line":65,"column":0},"end":{"line":65,"column":63}},"65":{"start":{"line":66,"column":0},"end":{"line":66,"column":12}},"66":{"start":{"line":67,"column":0},"end":{"line":67,"column":5}},"68":{"start":{"line":69,"column":0},"end":{"line":69,"column":80}},"69":{"start":{"line":70,"column":0},"end":{"line":70,"column":24}},"70":{"start":{"line":71,"column":0},"end":{"line":71,"column":12}},"71":{"start":{"line":72,"column":0},"end":{"line":72,"column":5}},"73":{"start":{"line":74,"column":0},"end":{"line":74,"column":84}},"74":{"start":{"line":75,"column":0},"end":{"line":75,"column":47}},"75":{"start":{"line":76,"column":0},"end":{"line":76,"column":79}},"76":{"start":{"line":77,"column":0},"end":{"line":77,"column":24}},"77":{"start":{"line":78,"column":0},"end":{"line":78,"column":27}},"78":{"start":{"line":79,"column":0},"end":{"line":79,"column":42}},"79":{"start":{"line":80,"column":0},"end":{"line":80,"column":40}},"81":{"start":{"line":82,"column":0},"end":{"line":82,"column":36}},"82":{"start":{"line":83,"column":0},"end":{"line":83,"column":8}},"83":{"start":{"line":84,"column":0},"end":{"line":84,"column":94}},"84":{"start":{"line":85,"column":0},"end":{"line":85,"column":5}},"86":{"start":{"line":87,"column":0},"end":{"line":87,"column":41}},"87":{"start":{"line":88,"column":0},"end":{"line":88,"column":74}},"89":{"start":{"line":90,"column":0},"end":{"line":90,"column":75}},"90":{"start":{"line":91,"column":0},"end":{"line":91,"column":62}},"91":{"start":{"line":92,"column":0},"end":{"line":92,"column":12}},"92":{"start":{"line":93,"column":0},"end":{"line":93,"column":5}},"94":{"start":{"line":95,"column":0},"end":{"line":95,"column":53}},"95":{"start":{"line":96,"column":0},"end":{"line":96,"column":64}},"96":{"start":{"line":97,"column":0},"end":{"line":97,"column":12}},"97":{"start":{"line":98,"column":0},"end":{"line":98,"column":5}},"99":{"start":{"line":100,"column":0},"end":{"line":100,"column":28}},"100":{"start":{"line":101,"column":0},"end":{"line":101,"column":23}},"101":{"start":{"line":102,"column":0},"end":{"line":102,"column":28}},"102":{"start":{"line":103,"column":0},"end":{"line":103,"column":54}},"103":{"start":{"line":104,"column":0},"end":{"line":104,"column":5}},"105":{"start":{"line":106,"column":0},"end":{"line":106,"column":58}},"106":{"start":{"line":107,"column":0},"end":{"line":107,"column":3}},"108":{"start":{"line":109,"column":0},"end":{"line":109,"column":75}},"109":{"start":{"line":110,"column":0},"end":{"line":110,"column":43}},"110":{"start":{"line":111,"column":0},"end":{"line":111,"column":12}},"111":{"start":{"line":112,"column":0},"end":{"line":112,"column":5}},"113":{"start":{"line":114,"column":0},"end":{"line":114,"column":62}},"114":{"start":{"line":115,"column":0},"end":{"line":115,"column":72}},"115":{"start":{"line":116,"column":0},"end":{"line":116,"column":51}},"117":{"start":{"line":118,"column":0},"end":{"line":118,"column":31}},"118":{"start":{"line":119,"column":0},"end":{"line":119,"column":37}},"119":{"start":{"line":120,"column":0},"end":{"line":120,"column":5}},"120":{"start":{"line":121,"column":0},"end":{"line":121,"column":3}},"122":{"start":{"line":123,"column":0},"end":{"line":123,"column":74}},"123":{"start":{"line":124,"column":0},"end":{"line":124,"column":43}},"124":{"start":{"line":125,"column":0},"end":{"line":125,"column":12}},"125":{"start":{"line":126,"column":0},"end":{"line":126,"column":5}},"127":{"start":{"line":128,"column":0},"end":{"line":128,"column":43}},"129":{"start":{"line":130,"column":0},"end":{"line":130,"column":65}},"130":{"start":{"line":131,"column":0},"end":{"line":131,"column":64}},"131":{"start":{"line":132,"column":0},"end":{"line":132,"column":5}},"132":{"start":{"line":133,"column":0},"end":{"line":133,"column":3}},"134":{"start":{"line":135,"column":0},"end":{"line":135,"column":80}},"135":{"start":{"line":136,"column":0},"end":{"line":136,"column":36}},"136":{"start":{"line":137,"column":0},"end":{"line":137,"column":12}},"137":{"start":{"line":138,"column":0},"end":{"line":138,"column":5}},"139":{"start":{"line":140,"column":0},"end":{"line":140,"column":36}},"140":{"start":{"line":141,"column":0},"end":{"line":141,"column":26}},"141":{"start":{"line":142,"column":0},"end":{"line":142,"column":27}},"142":{"start":{"line":143,"column":0},"end":{"line":143,"column":3}},"146":{"start":{"line":147,"column":0},"end":{"line":147,"column":27}},"147":{"start":{"line":148,"column":0},"end":{"line":148,"column":12}},"148":{"start":{"line":149,"column":0},"end":{"line":149,"column":82}},"149":{"start":{"line":150,"column":0},"end":{"line":150,"column":58}},"150":{"start":{"line":151,"column":0},"end":{"line":151,"column":78}},"151":{"start":{"line":152,"column":0},"end":{"line":152,"column":101}},"152":{"start":{"line":153,"column":0},"end":{"line":153,"column":17}},"153":{"start":{"line":154,"column":0},"end":{"line":154,"column":89}},"154":{"start":{"line":155,"column":0},"end":{"line":155,"column":105}},"156":{"start":{"line":157,"column":0},"end":{"line":157,"column":14}},"157":{"start":{"line":158,"column":0},"end":{"line":158,"column":16}},"159":{"start":{"line":160,"column":0},"end":{"line":160,"column":3}},"166":{"start":{"line":167,"column":0},"end":{"line":167,"column":31}},"169":{"start":{"line":170,"column":0},"end":{"line":170,"column":13}},"170":{"start":{"line":171,"column":0},"end":{"line":171,"column":10}},"171":{"start":{"line":172,"column":0},"end":{"line":172,"column":23}},"172":{"start":{"line":173,"column":0},"end":{"line":173,"column":133}},"173":{"start":{"line":174,"column":0},"end":{"line":174,"column":27}},"174":{"start":{"line":175,"column":0},"end":{"line":175,"column":7}},"176":{"start":{"line":177,"column":0},"end":{"line":177,"column":12}},"177":{"start":{"line":178,"column":0},"end":{"line":178,"column":3}},"179":{"start":{"line":180,"column":0},"end":{"line":180,"column":31}},"180":{"start":{"line":181,"column":0},"end":{"line":181,"column":43}},"181":{"start":{"line":182,"column":0},"end":{"line":182,"column":15}},"182":{"start":{"line":183,"column":0},"end":{"line":183,"column":10}},"183":{"start":{"line":184,"column":0},"end":{"line":184,"column":33}},"184":{"start":{"line":185,"column":0},"end":{"line":185,"column":117}},"185":{"start":{"line":186,"column":0},"end":{"line":186,"column":17}},"186":{"start":{"line":187,"column":0},"end":{"line":187,"column":54}},"187":{"start":{"line":188,"column":0},"end":{"line":188,"column":39}},"188":{"start":{"line":189,"column":0},"end":{"line":189,"column":11}},"189":{"start":{"line":190,"column":0},"end":{"line":190,"column":27}},"191":{"start":{"line":192,"column":0},"end":{"line":192,"column":22}},"192":{"start":{"line":193,"column":0},"end":{"line":193,"column":12}},"193":{"start":{"line":194,"column":0},"end":{"line":194,"column":5}},"194":{"start":{"line":195,"column":0},"end":{"line":195,"column":4}},"197":{"start":{"line":198,"column":0},"end":{"line":198,"column":27}},"198":{"start":{"line":199,"column":0},"end":{"line":199,"column":49}},"199":{"start":{"line":200,"column":0},"end":{"line":200,"column":70}},"200":{"start":{"line":201,"column":0},"end":{"line":201,"column":34}},"203":{"start":{"line":204,"column":0},"end":{"line":204,"column":15}},"204":{"start":{"line":205,"column":0},"end":{"line":205,"column":10}},"205":{"start":{"line":206,"column":0},"end":{"line":206,"column":32}},"206":{"start":{"line":207,"column":0},"end":{"line":207,"column":153}},"207":{"start":{"line":208,"column":0},"end":{"line":208,"column":85}},"208":{"start":{"line":209,"column":0},"end":{"line":209,"column":30}},"209":{"start":{"line":210,"column":0},"end":{"line":210,"column":45}},"210":{"start":{"line":211,"column":0},"end":{"line":211,"column":21}},"211":{"start":{"line":212,"column":0},"end":{"line":212,"column":20}},"212":{"start":{"line":213,"column":0},"end":{"line":213,"column":78}},"213":{"start":{"line":214,"column":0},"end":{"line":214,"column":31}},"214":{"start":{"line":215,"column":0},"end":{"line":215,"column":59}},"215":{"start":{"line":216,"column":0},"end":{"line":216,"column":34}},"216":{"start":{"line":217,"column":0},"end":{"line":217,"column":33}},"217":{"start":{"line":218,"column":0},"end":{"line":218,"column":11}},"218":{"start":{"line":219,"column":0},"end":{"line":219,"column":10}},"220":{"start":{"line":221,"column":0},"end":{"line":221,"column":83}},"221":{"start":{"line":222,"column":0},"end":{"line":222,"column":60}},"222":{"start":{"line":223,"column":0},"end":{"line":223,"column":89}},"223":{"start":{"line":224,"column":0},"end":{"line":224,"column":16}},"224":{"start":{"line":225,"column":0},"end":{"line":225,"column":12}},"225":{"start":{"line":226,"column":0},"end":{"line":226,"column":5}},"228":{"start":{"line":229,"column":0},"end":{"line":229,"column":48}},"229":{"start":{"line":230,"column":0},"end":{"line":230,"column":25}},"230":{"start":{"line":231,"column":0},"end":{"line":231,"column":44}},"231":{"start":{"line":232,"column":0},"end":{"line":232,"column":53}},"232":{"start":{"line":233,"column":0},"end":{"line":233,"column":78}},"233":{"start":{"line":234,"column":0},"end":{"line":234,"column":66}},"234":{"start":{"line":235,"column":0},"end":{"line":235,"column":68}},"235":{"start":{"line":236,"column":0},"end":{"line":236,"column":73}},"236":{"start":{"line":237,"column":0},"end":{"line":237,"column":88}},"237":{"start":{"line":238,"column":0},"end":{"line":238,"column":90}},"239":{"start":{"line":240,"column":0},"end":{"line":240,"column":19}},"240":{"start":{"line":241,"column":0},"end":{"line":241,"column":14}},"241":{"start":{"line":242,"column":0},"end":{"line":242,"column":44}},"242":{"start":{"line":243,"column":0},"end":{"line":243,"column":88}},"243":{"start":{"line":244,"column":0},"end":{"line":244,"column":58}},"244":{"start":{"line":245,"column":0},"end":{"line":245,"column":122}},"245":{"start":{"line":246,"column":0},"end":{"line":246,"column":49}},"246":{"start":{"line":247,"column":0},"end":{"line":247,"column":27}},"247":{"start":{"line":248,"column":0},"end":{"line":248,"column":24}},"248":{"start":{"line":249,"column":0},"end":{"line":249,"column":20}},"249":{"start":{"line":250,"column":0},"end":{"line":250,"column":56}},"250":{"start":{"line":251,"column":0},"end":{"line":251,"column":25}},"253":{"start":{"line":254,"column":0},"end":{"line":254,"column":25}},"254":{"start":{"line":255,"column":0},"end":{"line":255,"column":18}},"255":{"start":{"line":256,"column":0},"end":{"line":256,"column":50}},"256":{"start":{"line":257,"column":0},"end":{"line":257,"column":102}},"257":{"start":{"line":258,"column":0},"end":{"line":258,"column":98}},"258":{"start":{"line":259,"column":0},"end":{"line":259,"column":17}},"259":{"start":{"line":260,"column":0},"end":{"line":260,"column":21}},"260":{"start":{"line":261,"column":0},"end":{"line":261,"column":16}},"261":{"start":{"line":262,"column":0},"end":{"line":262,"column":9}},"262":{"start":{"line":263,"column":0},"end":{"line":263,"column":8}},"263":{"start":{"line":264,"column":0},"end":{"line":264,"column":4}},"267":{"start":{"line":268,"column":0},"end":{"line":268,"column":10}},"268":{"start":{"line":269,"column":0},"end":{"line":269,"column":46}},"270":{"start":{"line":271,"column":0},"end":{"line":271,"column":10}},"271":{"start":{"line":272,"column":0},"end":{"line":272,"column":168}},"272":{"start":{"line":273,"column":0},"end":{"line":273,"column":19}},"273":{"start":{"line":274,"column":0},"end":{"line":274,"column":41}},"276":{"start":{"line":277,"column":0},"end":{"line":277,"column":12}},"277":{"start":{"line":278,"column":0},"end":{"line":278,"column":33}},"278":{"start":{"line":279,"column":0},"end":{"line":279,"column":111}},"279":{"start":{"line":280,"column":0},"end":{"line":280,"column":51}},"280":{"start":{"line":281,"column":0},"end":{"line":281,"column":51}},"281":{"start":{"line":282,"column":0},"end":{"line":282,"column":48}},"282":{"start":{"line":283,"column":0},"end":{"line":283,"column":52}},"283":{"start":{"line":284,"column":0},"end":{"line":284,"column":53}},"284":{"start":{"line":285,"column":0},"end":{"line":285,"column":60}},"287":{"start":{"line":288,"column":0},"end":{"line":288,"column":14}},"288":{"start":{"line":289,"column":0},"end":{"line":289,"column":37}},"289":{"start":{"line":290,"column":0},"end":{"line":290,"column":20}},"290":{"start":{"line":291,"column":0},"end":{"line":291,"column":110}},"291":{"start":{"line":292,"column":0},"end":{"line":292,"column":35}},"292":{"start":{"line":293,"column":0},"end":{"line":293,"column":14}},"293":{"start":{"line":294,"column":0},"end":{"line":294,"column":27}},"295":{"start":{"line":296,"column":0},"end":{"line":296,"column":38}},"296":{"start":{"line":297,"column":0},"end":{"line":297,"column":16}},"297":{"start":{"line":298,"column":0},"end":{"line":298,"column":20}},"298":{"start":{"line":299,"column":0},"end":{"line":299,"column":121}},"299":{"start":{"line":300,"column":0},"end":{"line":300,"column":26}},"300":{"start":{"line":301,"column":0},"end":{"line":301,"column":112}},"301":{"start":{"line":302,"column":0},"end":{"line":302,"column":20}},"302":{"start":{"line":303,"column":0},"end":{"line":303,"column":18}},"303":{"start":{"line":304,"column":0},"end":{"line":304,"column":20}},"304":{"start":{"line":305,"column":0},"end":{"line":305,"column":175}},"305":{"start":{"line":306,"column":0},"end":{"line":306,"column":26}},"306":{"start":{"line":307,"column":0},"end":{"line":307,"column":112}},"307":{"start":{"line":308,"column":0},"end":{"line":308,"column":20}},"308":{"start":{"line":309,"column":0},"end":{"line":309,"column":17}},"310":{"start":{"line":311,"column":0},"end":{"line":311,"column":22}},"311":{"start":{"line":312,"column":0},"end":{"line":312,"column":17}},"312":{"start":{"line":313,"column":0},"end":{"line":313,"column":21}},"313":{"start":{"line":314,"column":0},"end":{"line":314,"column":19}},"314":{"start":{"line":315,"column":0},"end":{"line":315,"column":16}},"315":{"start":{"line":316,"column":0},"end":{"line":316,"column":14}},"316":{"start":{"line":317,"column":0},"end":{"line":317,"column":12}},"317":{"start":{"line":318,"column":0},"end":{"line":318,"column":10}},"319":{"start":{"line":320,"column":0},"end":{"line":320,"column":1}}},"s":{"0":1,"29":1,"30":1,"32":1,"33":22,"34":22,"35":22,"36":22,"37":22,"38":22,"39":22,"40":22,"41":22,"42":22,"43":22,"44":22,"45":22,"46":22,"47":22,"48":22,"49":22,"50":22,"52":22,"53":22,"54":22,"55":22,"56":118,"57":118,"58":118,"60":0,"61":22,"63":22,"64":11,"65":11,"66":11,"68":0,"69":0,"70":0,"71":0,"73":0,"74":0,"75":0,"76":0,"77":0,"78":0,"79":0,"81":0,"82":0,"83":0,"84":0,"86":0,"87":22,"89":22,"90":0,"91":0,"92":0,"94":0,"95":0,"96":0,"97":0,"99":0,"100":0,"101":0,"102":0,"103":0,"105":0,"106":0,"108":22,"109":0,"110":0,"111":0,"113":0,"114":0,"115":0,"117":0,"118":0,"119":0,"120":0,"122":22,"123":0,"124":0,"125":0,"127":0,"129":0,"130":0,"131":0,"132":0,"134":22,"135":2,"136":2,"137":2,"139":0,"140":0,"141":0,"142":2,"146":22,"147":4,"148":4,"149":4,"150":4,"151":4,"152":4,"153":4,"154":4,"156":4,"157":4,"159":4,"166":18,"169":18,"170":18,"171":18,"172":18,"173":18,"174":18,"176":18,"177":18,"179":18,"180":90,"181":90,"182":90,"183":90,"184":90,"185":90,"186":0,"187":90,"188":90,"189":90,"191":90,"192":90,"193":90,"194":18,"197":18,"198":36,"199":36,"200":36,"203":36,"204":36,"205":36,"206":36,"207":36,"208":36,"209":36,"210":36,"211":36,"212":36,"213":36,"214":0,"215":0,"216":0,"217":0,"218":0,"220":36,"221":36,"222":36,"223":36,"224":36,"225":36,"228":36,"229":188,"230":188,"231":148,"232":188,"233":188,"234":188,"235":188,"236":188,"237":188,"239":188,"240":188,"241":188,"242":188,"243":188,"244":188,"245":188,"246":188,"247":188,"248":188,"249":90,"250":98,"253":188,"254":90,"255":90,"256":90,"257":90,"258":90,"259":98,"260":188,"261":188,"262":36,"263":18,"267":18,"268":18,"270":18,"271":22,"272":22,"273":22,"276":22,"277":22,"278":22,"279":22,"280":22,"281":22,"282":22,"283":22,"284":22,"287":22,"288":22,"289":22,"290":22,"291":22,"292":22,"293":22,"295":22,"296":0,"297":0,"298":0,"299":0,"300":0,"301":0,"302":0,"303":0,"304":0,"305":0,"306":0,"307":0,"308":0,"310":0,"311":0,"312":18,"313":22,"314":22,"315":22,"316":22,"317":22,"319":22},"branchMap":{"0":{"type":"branch","line":33,"loc":{"start":{"line":33,"column":7},"end":{"line":320,"column":1}},"locations":[{"start":{"line":33,"column":7},"end":{"line":320,"column":1}}]},"1":{"type":"branch","line":53,"loc":{"start":{"line":53,"column":16},"end":{"line":53,"column":72}},"locations":[{"start":{"line":53,"column":16},"end":{"line":53,"column":72}}]},"2":{"type":"branch","line":147,"loc":{"start":{"line":147,"column":26},"end":{"line":160,"column":3}},"locations":[{"start":{"line":147,"column":26},"end":{"line":160,"column":3}}]},"3":{"type":"branch","line":160,"loc":{"start":{"line":160,"column":2},"end":{"line":272,"column":165}},"locations":[{"start":{"line":160,"column":2},"end":{"line":272,"column":165}}]},"4":{"type":"branch","line":296,"loc":{"start":{"line":296,"column":33},"end":{"line":312,"column":17}},"locations":[{"start":{"line":296,"column":33},"end":{"line":312,"column":17}}]},"5":{"type":"branch","line":312,"loc":{"start":{"line":312,"column":14},"end":{"line":313,"column":21}},"locations":[{"start":{"line":312,"column":14},"end":{"line":313,"column":21}}]},"6":{"type":"branch","line":56,"loc":{"start":{"line":56,"column":45},"end":{"line":62,"column":3}},"locations":[{"start":{"line":56,"column":45},"end":{"line":62,"column":3}}]},"7":{"type":"branch","line":59,"loc":{"start":{"line":59,"column":4},"end":{"line":61,"column":61}},"locations":[{"start":{"line":59,"column":4},"end":{"line":61,"column":61}}]},"8":{"type":"branch","line":64,"loc":{"start":{"line":64,"column":12},"end":{"line":88,"column":5}},"locations":[{"start":{"line":64,"column":12},"end":{"line":88,"column":5}}]},"9":{"type":"branch","line":65,"loc":{"start":{"line":65,"column":9},"end":{"line":65,"column":62}},"locations":[{"start":{"line":65,"column":9},"end":{"line":65,"column":62}}]},"10":{"type":"branch","line":67,"loc":{"start":{"line":67,"column":4},"end":{"line":87,"column":41}},"locations":[{"start":{"line":67,"column":4},"end":{"line":87,"column":41}}]},"11":{"type":"branch","line":135,"loc":{"start":{"line":135,"column":2},"end":{"line":143,"column":3}},"locations":[{"start":{"line":135,"column":2},"end":{"line":143,"column":3}}]},"12":{"type":"branch","line":138,"loc":{"start":{"line":138,"column":4},"end":{"line":142,"column":27}},"locations":[{"start":{"line":138,"column":4},"end":{"line":142,"column":27}}]},"13":{"type":"branch","line":180,"loc":{"start":{"line":180,"column":18},"end":{"line":195,"column":3}},"locations":[{"start":{"line":180,"column":18},"end":{"line":195,"column":3}}]},"14":{"type":"branch","line":186,"loc":{"start":{"line":186,"column":10},"end":{"line":187,"column":54}},"locations":[{"start":{"line":186,"column":10},"end":{"line":187,"column":54}}]},"15":{"type":"branch","line":198,"loc":{"start":{"line":198,"column":16},"end":{"line":264,"column":3}},"locations":[{"start":{"line":198,"column":16},"end":{"line":264,"column":3}}]},"16":{"type":"branch","line":208,"loc":{"start":{"line":208,"column":11},"end":{"line":208,"column":75}},"locations":[{"start":{"line":208,"column":11},"end":{"line":208,"column":75}}]},"17":{"type":"branch","line":208,"loc":{"start":{"line":208,"column":24},"end":{"line":208,"column":85}},"locations":[{"start":{"line":208,"column":24},"end":{"line":208,"column":85}}]},"18":{"type":"branch","line":210,"loc":{"start":{"line":210,"column":17},"end":{"line":210,"column":45}},"locations":[{"start":{"line":210,"column":17},"end":{"line":210,"column":45}}]},"19":{"type":"branch","line":229,"loc":{"start":{"line":229,"column":22},"end":{"line":263,"column":7}},"locations":[{"start":{"line":229,"column":22},"end":{"line":263,"column":7}}]},"20":{"type":"branch","line":231,"loc":{"start":{"line":231,"column":31},"end":{"line":232,"column":53}},"locations":[{"start":{"line":231,"column":31},"end":{"line":232,"column":53}}]},"21":{"type":"branch","line":233,"loc":{"start":{"line":233,"column":60},"end":{"line":233,"column":78}},"locations":[{"start":{"line":233,"column":60},"end":{"line":233,"column":78}}]},"22":{"type":"branch","line":234,"loc":{"start":{"line":234,"column":25},"end":{"line":234,"column":66}},"locations":[{"start":{"line":234,"column":25},"end":{"line":234,"column":66}}]},"23":{"type":"branch","line":236,"loc":{"start":{"line":236,"column":29},"end":{"line":236,"column":73}},"locations":[{"start":{"line":236,"column":29},"end":{"line":236,"column":73}}]},"24":{"type":"branch","line":237,"loc":{"start":{"line":237,"column":27},"end":{"line":237,"column":88}},"locations":[{"start":{"line":237,"column":27},"end":{"line":237,"column":88}}]},"25":{"type":"branch","line":244,"loc":{"start":{"line":244,"column":14},"end":{"line":244,"column":48}},"locations":[{"start":{"line":244,"column":14},"end":{"line":244,"column":48}}]},"26":{"type":"branch","line":244,"loc":{"start":{"line":244,"column":32},"end":{"line":244,"column":58}},"locations":[{"start":{"line":244,"column":32},"end":{"line":244,"column":58}}]},"27":{"type":"branch","line":245,"loc":{"start":{"line":245,"column":16},"end":{"line":245,"column":39}},"locations":[{"start":{"line":245,"column":16},"end":{"line":245,"column":39}}]},"28":{"type":"branch","line":245,"loc":{"start":{"line":245,"column":28},"end":{"line":245,"column":67}},"locations":[{"start":{"line":245,"column":28},"end":{"line":245,"column":67}}]},"29":{"type":"branch","line":245,"loc":{"start":{"line":245,"column":73},"end":{"line":245,"column":99}},"locations":[{"start":{"line":245,"column":73},"end":{"line":245,"column":99}}]},"30":{"type":"branch","line":245,"loc":{"start":{"line":245,"column":88},"end":{"line":245,"column":117}},"locations":[{"start":{"line":245,"column":88},"end":{"line":245,"column":117}}]},"31":{"type":"branch","line":245,"loc":{"start":{"line":245,"column":99},"end":{"line":245,"column":119}},"locations":[{"start":{"line":245,"column":99},"end":{"line":245,"column":119}}]},"32":{"type":"branch","line":249,"loc":{"start":{"line":249,"column":12},"end":{"line":250,"column":56}},"locations":[{"start":{"line":249,"column":12},"end":{"line":250,"column":56}}]},"33":{"type":"branch","line":250,"loc":{"start":{"line":250,"column":54},"end":{"line":251,"column":25}},"locations":[{"start":{"line":250,"column":54},"end":{"line":251,"column":25}}]},"34":{"type":"branch","line":254,"loc":{"start":{"line":254,"column":13},"end":{"line":259,"column":17}},"locations":[{"start":{"line":254,"column":13},"end":{"line":259,"column":17}}]},"35":{"type":"branch","line":257,"loc":{"start":{"line":257,"column":19},"end":{"line":257,"column":86}},"locations":[{"start":{"line":257,"column":19},"end":{"line":257,"column":86}}]},"36":{"type":"branch","line":257,"loc":{"start":{"line":257,"column":32},"end":{"line":257,"column":102}},"locations":[{"start":{"line":257,"column":32},"end":{"line":257,"column":102}}]},"37":{"type":"branch","line":258,"loc":{"start":{"line":258,"column":21},"end":{"line":258,"column":55}},"locations":[{"start":{"line":258,"column":21},"end":{"line":258,"column":55}}]},"38":{"type":"branch","line":258,"loc":{"start":{"line":258,"column":36},"end":{"line":258,"column":57}},"locations":[{"start":{"line":258,"column":36},"end":{"line":258,"column":57}}]},"39":{"type":"branch","line":258,"loc":{"start":{"line":258,"column":61},"end":{"line":258,"column":93}},"locations":[{"start":{"line":258,"column":61},"end":{"line":258,"column":93}}]},"40":{"type":"branch","line":258,"loc":{"start":{"line":258,"column":74},"end":{"line":258,"column":95}},"locations":[{"start":{"line":258,"column":74},"end":{"line":258,"column":95}}]},"41":{"type":"branch","line":259,"loc":{"start":{"line":259,"column":15},"end":{"line":260,"column":21}},"locations":[{"start":{"line":259,"column":15},"end":{"line":260,"column":21}}]}},"b":{"0":[22],"1":[0],"2":[4],"3":[18],"4":[0],"5":[18],"6":[118],"7":[0],"8":[11],"9":[0],"10":[0],"11":[2],"12":[0],"13":[90],"14":[0],"15":[36],"16":[18],"17":[18],"18":[2],"19":[188],"20":[148],"21":[0],"22":[90],"23":[90],"24":[90],"25":[6],"26":[182],"27":[0],"28":[0],"29":[90],"30":[48],"31":[140],"32":[90],"33":[98],"34":[90],"35":[42],"36":[48],"37":[36],"38":[54],"39":[36],"40":[54],"41":[98]},"fnMap":{"0":{"name":"GanttGrid","decl":{"start":{"line":33,"column":7},"end":{"line":320,"column":1}},"loc":{"start":{"line":33,"column":7},"end":{"line":320,"column":1}},"line":33},"1":{"name":"handleTimelinePointerDown","decl":{"start":{"line":90,"column":2},"end":{"line":107,"column":3}},"loc":{"start":{"line":90,"column":2},"end":{"line":107,"column":3}},"line":90},"2":{"name":"handleTimelinePointerMove","decl":{"start":{"line":109,"column":2},"end":{"line":121,"column":3}},"loc":{"start":{"line":109,"column":2},"end":{"line":121,"column":3}},"line":109},"3":{"name":"handleTimelinePointerEnd","decl":{"start":{"line":123,"column":2},"end":{"line":133,"column":3}},"loc":{"start":{"line":123,"column":2},"end":{"line":133,"column":3}},"line":123},"4":{"name":"handleTimelineClickCapture","decl":{"start":{"line":135,"column":2},"end":{"line":143,"column":3}},"loc":{"start":{"line":135,"column":2},"end":{"line":143,"column":3}},"line":135},"5":{"name":"onClick","decl":{"start":{"line":210,"column":17},"end":{"line":210,"column":45}},"loc":{"start":{"line":210,"column":17},"end":{"line":210,"column":45}},"line":210},"6":{"name":"onKeyDown","decl":{"start":{"line":214,"column":19},"end":{"line":219,"column":10}},"loc":{"start":{"line":214,"column":19},"end":{"line":219,"column":10}},"line":214},"7":{"name":"onClick","decl":{"start":{"line":246,"column":21},"end":{"line":246,"column":49}},"loc":{"start":{"line":246,"column":21},"end":{"line":246,"column":49}},"line":246}},"f":{"0":22,"1":0,"2":0,"3":0,"4":2,"5":2,"6":0,"7":0}}
,"/Users/damiancanton/Documents/gannt-inther/components/gantt/gantt-interactive.tsx": {"path":"/Users/damiancanton/Documents/gannt-inther/components/gantt/gantt-interactive.tsx","all":false,"statementMap":{"0":{"start":{"line":1,"column":0},"end":{"line":1,"column":12}},"32":{"start":{"line":33,"column":0},"end":{"line":33,"column":40}},"33":{"start":{"line":34,"column":0},"end":{"line":34,"column":55}},"34":{"start":{"line":35,"column":0},"end":{"line":35,"column":81}},"35":{"start":{"line":36,"column":0},"end":{"line":36,"column":1}},"37":{"start":{"line":38,"column":0},"end":{"line":38,"column":60}},"38":{"start":{"line":39,"column":0},"end":{"line":39,"column":54}},"39":{"start":{"line":40,"column":0},"end":{"line":40,"column":19}},"40":{"start":{"line":41,"column":0},"end":{"line":41,"column":21}},"41":{"start":{"line":42,"column":0},"end":{"line":42,"column":20}},"42":{"start":{"line":43,"column":0},"end":{"line":43,"column":20}},"43":{"start":{"line":44,"column":0},"end":{"line":44,"column":4}},"45":{"start":{"line":46,"column":0},"end":{"line":46,"column":86}},"46":{"start":{"line":47,"column":0},"end":{"line":47,"column":1}},"48":{"start":{"line":49,"column":0},"end":{"line":49,"column":65}},"49":{"start":{"line":50,"column":0},"end":{"line":50,"column":33}},"50":{"start":{"line":51,"column":0},"end":{"line":51,"column":31}},"51":{"start":{"line":52,"column":0},"end":{"line":52,"column":15}},"53":{"start":{"line":54,"column":0},"end":{"line":54,"column":28}},"54":{"start":{"line":55,"column":0},"end":{"line":55,"column":34}},"55":{"start":{"line":56,"column":0},"end":{"line":56,"column":33}},"56":{"start":{"line":57,"column":0},"end":{"line":57,"column":16}},"57":{"start":{"line":58,"column":0},"end":{"line":58,"column":5}},"58":{"start":{"line":59,"column":0},"end":{"line":59,"column":46}},"59":{"start":{"line":60,"column":0},"end":{"line":60,"column":3}},"61":{"start":{"line":62,"column":0},"end":{"line":62,"column":14}},"62":{"start":{"line":63,"column":0},"end":{"line":63,"column":1}},"64":{"start":{"line":65,"column":0},"end":{"line":65,"column":34}},"65":{"start":{"line":66,"column":0},"end":{"line":66,"column":13}},"66":{"start":{"line":67,"column":0},"end":{"line":67,"column":24}},"67":{"start":{"line":68,"column":0},"end":{"line":68,"column":9}},"68":{"start":{"line":69,"column":0},"end":{"line":69,"column":16}},"69":{"start":{"line":70,"column":0},"end":{"line":70,"column":12}},"70":{"start":{"line":71,"column":0},"end":{"line":71,"column":18}},"71":{"start":{"line":72,"column":0},"end":{"line":72,"column":30}},"72":{"start":{"line":73,"column":0},"end":{"line":73,"column":15}},"73":{"start":{"line":74,"column":0},"end":{"line":74,"column":27}},"74":{"start":{"line":75,"column":0},"end":{"line":75,"column":75}},"75":{"start":{"line":76,"column":0},"end":{"line":76,"column":99}},"76":{"start":{"line":77,"column":0},"end":{"line":77,"column":84}},"77":{"start":{"line":78,"column":0},"end":{"line":78,"column":53}},"78":{"start":{"line":79,"column":0},"end":{"line":79,"column":68}},"79":{"start":{"line":80,"column":0},"end":{"line":80,"column":73}},"80":{"start":{"line":81,"column":0},"end":{"line":81,"column":52}},"81":{"start":{"line":82,"column":0},"end":{"line":82,"column":64}},"82":{"start":{"line":83,"column":0},"end":{"line":83,"column":56}},"84":{"start":{"line":85,"column":0},"end":{"line":85,"column":77}},"85":{"start":{"line":86,"column":0},"end":{"line":86,"column":53}},"86":{"start":{"line":87,"column":0},"end":{"line":87,"column":65}},"87":{"start":{"line":88,"column":0},"end":{"line":88,"column":66}},"88":{"start":{"line":89,"column":0},"end":{"line":89,"column":29}},"89":{"start":{"line":90,"column":0},"end":{"line":90,"column":29}},"90":{"start":{"line":91,"column":0},"end":{"line":91,"column":32}},"91":{"start":{"line":92,"column":0},"end":{"line":92,"column":22}},"92":{"start":{"line":93,"column":0},"end":{"line":93,"column":4}},"94":{"start":{"line":95,"column":0},"end":{"line":95,"column":44}},"96":{"start":{"line":97,"column":0},"end":{"line":97,"column":31}},"97":{"start":{"line":98,"column":0},"end":{"line":98,"column":70}},"98":{"start":{"line":99,"column":0},"end":{"line":99,"column":30}},"99":{"start":{"line":100,"column":0},"end":{"line":100,"column":3}},"101":{"start":{"line":102,"column":0},"end":{"line":102,"column":32}},"102":{"start":{"line":103,"column":0},"end":{"line":103,"column":71}},"103":{"start":{"line":104,"column":0},"end":{"line":104,"column":34}},"104":{"start":{"line":105,"column":0},"end":{"line":105,"column":3}},"106":{"start":{"line":107,"column":0},"end":{"line":107,"column":41}},"107":{"start":{"line":108,"column":0},"end":{"line":108,"column":30}},"108":{"start":{"line":109,"column":0},"end":{"line":109,"column":49}},"109":{"start":{"line":110,"column":0},"end":{"line":110,"column":5}},"111":{"start":{"line":112,"column":0},"end":{"line":112,"column":55}},"112":{"start":{"line":113,"column":0},"end":{"line":113,"column":24}},"113":{"start":{"line":114,"column":0},"end":{"line":114,"column":74}},"114":{"start":{"line":115,"column":0},"end":{"line":115,"column":29}},"115":{"start":{"line":116,"column":0},"end":{"line":116,"column":34}},"117":{"start":{"line":118,"column":0},"end":{"line":118,"column":47}},"118":{"start":{"line":119,"column":0},"end":{"line":119,"column":66}},"119":{"start":{"line":120,"column":0},"end":{"line":120,"column":21}},"121":{"start":{"line":122,"column":0},"end":{"line":122,"column":40}},"122":{"start":{"line":123,"column":0},"end":{"line":123,"column":62}},"123":{"start":{"line":124,"column":0},"end":{"line":124,"column":14}},"124":{"start":{"line":125,"column":0},"end":{"line":125,"column":3}},"126":{"start":{"line":127,"column":0},"end":{"line":127,"column":97}},"127":{"start":{"line":128,"column":0},"end":{"line":128,"column":113}},"129":{"start":{"line":130,"column":0},"end":{"line":130,"column":38}},"130":{"start":{"line":131,"column":0},"end":{"line":131,"column":39}},"131":{"start":{"line":132,"column":0},"end":{"line":132,"column":55}},"132":{"start":{"line":133,"column":0},"end":{"line":133,"column":16}},"134":{"start":{"line":135,"column":0},"end":{"line":135,"column":34}},"135":{"start":{"line":136,"column":0},"end":{"line":136,"column":32}},"136":{"start":{"line":137,"column":0},"end":{"line":137,"column":79}},"137":{"start":{"line":138,"column":0},"end":{"line":138,"column":5}},"139":{"start":{"line":140,"column":0},"end":{"line":140,"column":98}},"140":{"start":{"line":141,"column":0},"end":{"line":141,"column":90}},"141":{"start":{"line":142,"column":0},"end":{"line":142,"column":64}},"142":{"start":{"line":143,"column":0},"end":{"line":143,"column":61}},"143":{"start":{"line":144,"column":0},"end":{"line":144,"column":52}},"144":{"start":{"line":145,"column":0},"end":{"line":145,"column":89}},"145":{"start":{"line":146,"column":0},"end":{"line":146,"column":31}},"147":{"start":{"line":148,"column":0},"end":{"line":148,"column":57}},"148":{"start":{"line":149,"column":0},"end":{"line":149,"column":23}},"150":{"start":{"line":151,"column":0},"end":{"line":151,"column":9}},"151":{"start":{"line":152,"column":0},"end":{"line":152,"column":63}},"153":{"start":{"line":154,"column":0},"end":{"line":154,"column":25}},"154":{"start":{"line":155,"column":0},"end":{"line":155,"column":34}},"155":{"start":{"line":156,"column":0},"end":{"line":156,"column":46}},"156":{"start":{"line":157,"column":0},"end":{"line":157,"column":7}},"158":{"start":{"line":159,"column":0},"end":{"line":159,"column":28}},"159":{"start":{"line":160,"column":0},"end":{"line":160,"column":53}},"160":{"start":{"line":161,"column":0},"end":{"line":161,"column":36}},"161":{"start":{"line":162,"column":0},"end":{"line":162,"column":26}},"162":{"start":{"line":163,"column":0},"end":{"line":163,"column":96}},"163":{"start":{"line":164,"column":0},"end":{"line":164,"column":108}},"164":{"start":{"line":165,"column":0},"end":{"line":165,"column":7}},"166":{"start":{"line":167,"column":0},"end":{"line":167,"column":15}},"167":{"start":{"line":168,"column":0},"end":{"line":168,"column":15}},"168":{"start":{"line":169,"column":0},"end":{"line":169,"column":26}},"169":{"start":{"line":170,"column":0},"end":{"line":170,"column":5}},"170":{"start":{"line":171,"column":0},"end":{"line":171,"column":3}},"172":{"start":{"line":173,"column":0},"end":{"line":173,"column":47}},"173":{"start":{"line":174,"column":0},"end":{"line":174,"column":41}},"174":{"start":{"line":175,"column":0},"end":{"line":175,"column":36}},"175":{"start":{"line":176,"column":0},"end":{"line":176,"column":31}},"176":{"start":{"line":177,"column":0},"end":{"line":177,"column":29}},"177":{"start":{"line":178,"column":0},"end":{"line":178,"column":14}},"178":{"start":{"line":179,"column":0},"end":{"line":179,"column":26}},"179":{"start":{"line":180,"column":0},"end":{"line":180,"column":7}},"180":{"start":{"line":181,"column":0},"end":{"line":181,"column":17}},"181":{"start":{"line":182,"column":0},"end":{"line":182,"column":6}},"182":{"start":{"line":183,"column":0},"end":{"line":183,"column":3}},"184":{"start":{"line":185,"column":0},"end":{"line":185,"column":43}},"185":{"start":{"line":186,"column":0},"end":{"line":186,"column":29}},"186":{"start":{"line":187,"column":0},"end":{"line":187,"column":25}},"187":{"start":{"line":188,"column":0},"end":{"line":188,"column":23}},"188":{"start":{"line":189,"column":0},"end":{"line":189,"column":3}},"190":{"start":{"line":191,"column":0},"end":{"line":191,"column":37}},"191":{"start":{"line":192,"column":0},"end":{"line":192,"column":27}},"192":{"start":{"line":193,"column":0},"end":{"line":193,"column":23}},"193":{"start":{"line":194,"column":0},"end":{"line":194,"column":22}},"194":{"start":{"line":195,"column":0},"end":{"line":195,"column":3}},"196":{"start":{"line":197,"column":0},"end":{"line":197,"column":33}},"197":{"start":{"line":198,"column":0},"end":{"line":198,"column":97}},"198":{"start":{"line":199,"column":0},"end":{"line":199,"column":38}},"199":{"start":{"line":200,"column":0},"end":{"line":200,"column":46}},"200":{"start":{"line":201,"column":0},"end":{"line":201,"column":56}},"201":{"start":{"line":202,"column":0},"end":{"line":202,"column":60}},"202":{"start":{"line":203,"column":0},"end":{"line":203,"column":41}},"203":{"start":{"line":204,"column":0},"end":{"line":204,"column":46}},"204":{"start":{"line":205,"column":0},"end":{"line":205,"column":5}},"206":{"start":{"line":207,"column":0},"end":{"line":207,"column":62}},"207":{"start":{"line":208,"column":0},"end":{"line":208,"column":63}},"208":{"start":{"line":209,"column":0},"end":{"line":209,"column":57}},"209":{"start":{"line":210,"column":0},"end":{"line":210,"column":69}},"210":{"start":{"line":211,"column":0},"end":{"line":211,"column":30}},"211":{"start":{"line":212,"column":0},"end":{"line":212,"column":3}},"213":{"start":{"line":214,"column":0},"end":{"line":214,"column":22}},"214":{"start":{"line":215,"column":0},"end":{"line":215,"column":12}},"215":{"start":{"line":216,"column":0},"end":{"line":216,"column":44}},"216":{"start":{"line":217,"column":0},"end":{"line":217,"column":60}},"217":{"start":{"line":218,"column":0},"end":{"line":218,"column":109}},"218":{"start":{"line":219,"column":0},"end":{"line":219,"column":12}},"220":{"start":{"line":221,"column":0},"end":{"line":221,"column":3}},"222":{"start":{"line":223,"column":0},"end":{"line":223,"column":10}},"223":{"start":{"line":224,"column":0},"end":{"line":224,"column":42}},"224":{"start":{"line":225,"column":0},"end":{"line":225,"column":18}},"225":{"start":{"line":226,"column":0},"end":{"line":226,"column":31}},"226":{"start":{"line":227,"column":0},"end":{"line":227,"column":35}},"227":{"start":{"line":228,"column":0},"end":{"line":228,"column":27}},"228":{"start":{"line":229,"column":0},"end":{"line":229,"column":23}},"229":{"start":{"line":230,"column":0},"end":{"line":230,"column":31}},"230":{"start":{"line":231,"column":0},"end":{"line":231,"column":10}},"231":{"start":{"line":232,"column":0},"end":{"line":232,"column":45}},"232":{"start":{"line":233,"column":0},"end":{"line":233,"column":35}},"233":{"start":{"line":234,"column":0},"end":{"line":234,"column":35}},"234":{"start":{"line":235,"column":0},"end":{"line":235,"column":10}},"235":{"start":{"line":236,"column":0},"end":{"line":236,"column":8}},"237":{"start":{"line":238,"column":0},"end":{"line":238,"column":126}},"238":{"start":{"line":239,"column":0},"end":{"line":239,"column":59}},"239":{"start":{"line":240,"column":0},"end":{"line":240,"column":118}},"240":{"start":{"line":241,"column":0},"end":{"line":241,"column":83}},"241":{"start":{"line":242,"column":0},"end":{"line":242,"column":15}},"242":{"start":{"line":243,"column":0},"end":{"line":243,"column":46}},"243":{"start":{"line":244,"column":0},"end":{"line":244,"column":50}},"244":{"start":{"line":245,"column":0},"end":{"line":245,"column":45}},"245":{"start":{"line":246,"column":0},"end":{"line":246,"column":41}},"246":{"start":{"line":247,"column":0},"end":{"line":247,"column":58}},"247":{"start":{"line":248,"column":0},"end":{"line":248,"column":22}},"248":{"start":{"line":249,"column":0},"end":{"line":249,"column":23}},"249":{"start":{"line":250,"column":0},"end":{"line":250,"column":34}},"250":{"start":{"line":251,"column":0},"end":{"line":251,"column":31}},"251":{"start":{"line":252,"column":0},"end":{"line":252,"column":34}},"252":{"start":{"line":253,"column":0},"end":{"line":253,"column":47}},"253":{"start":{"line":254,"column":0},"end":{"line":254,"column":20}},"254":{"start":{"line":255,"column":0},"end":{"line":255,"column":92}},"255":{"start":{"line":256,"column":0},"end":{"line":256,"column":106}},"256":{"start":{"line":257,"column":0},"end":{"line":257,"column":22}},"257":{"start":{"line":258,"column":0},"end":{"line":258,"column":42}},"259":{"start":{"line":260,"column":0},"end":{"line":260,"column":32}},"260":{"start":{"line":261,"column":0},"end":{"line":261,"column":25}},"262":{"start":{"line":263,"column":0},"end":{"line":263,"column":15}},"263":{"start":{"line":264,"column":0},"end":{"line":264,"column":16}},"265":{"start":{"line":266,"column":0},"end":{"line":266,"column":17}},"266":{"start":{"line":267,"column":0},"end":{"line":267,"column":25}},"267":{"start":{"line":268,"column":0},"end":{"line":268,"column":43}},"268":{"start":{"line":269,"column":0},"end":{"line":269,"column":28}},"269":{"start":{"line":270,"column":0},"end":{"line":270,"column":58}},"270":{"start":{"line":271,"column":0},"end":{"line":271,"column":14}},"271":{"start":{"line":272,"column":0},"end":{"line":272,"column":124}},"272":{"start":{"line":273,"column":0},"end":{"line":273,"column":30}},"273":{"start":{"line":274,"column":0},"end":{"line":274,"column":60}},"274":{"start":{"line":275,"column":0},"end":{"line":275,"column":60}},"275":{"start":{"line":276,"column":0},"end":{"line":276,"column":15}},"277":{"start":{"line":278,"column":0},"end":{"line":278,"column":17}},"278":{"start":{"line":279,"column":0},"end":{"line":279,"column":102}},"279":{"start":{"line":280,"column":0},"end":{"line":280,"column":65}},"280":{"start":{"line":281,"column":0},"end":{"line":281,"column":17}},"281":{"start":{"line":282,"column":0},"end":{"line":282,"column":32}},"283":{"start":{"line":284,"column":0},"end":{"line":284,"column":19}},"284":{"start":{"line":285,"column":0},"end":{"line":285,"column":101}},"285":{"start":{"line":286,"column":0},"end":{"line":286,"column":70}},"286":{"start":{"line":287,"column":0},"end":{"line":287,"column":19}},"287":{"start":{"line":288,"column":0},"end":{"line":288,"column":16}},"288":{"start":{"line":289,"column":0},"end":{"line":289,"column":19}},"290":{"start":{"line":291,"column":0},"end":{"line":291,"column":19}},"292":{"start":{"line":293,"column":0},"end":{"line":293,"column":17}},"293":{"start":{"line":294,"column":0},"end":{"line":294,"column":25}},"294":{"start":{"line":295,"column":0},"end":{"line":295,"column":39}},"295":{"start":{"line":296,"column":0},"end":{"line":296,"column":28}},"296":{"start":{"line":297,"column":0},"end":{"line":297,"column":54}},"297":{"start":{"line":298,"column":0},"end":{"line":298,"column":14}},"298":{"start":{"line":299,"column":0},"end":{"line":299,"column":124}},"299":{"start":{"line":300,"column":0},"end":{"line":300,"column":26}},"300":{"start":{"line":301,"column":0},"end":{"line":301,"column":60}},"301":{"start":{"line":302,"column":0},"end":{"line":302,"column":60}},"302":{"start":{"line":303,"column":0},"end":{"line":303,"column":15}},"304":{"start":{"line":305,"column":0},"end":{"line":305,"column":17}},"305":{"start":{"line":306,"column":0},"end":{"line":306,"column":102}},"306":{"start":{"line":307,"column":0},"end":{"line":307,"column":61}},"307":{"start":{"line":308,"column":0},"end":{"line":308,"column":17}},"308":{"start":{"line":309,"column":0},"end":{"line":309,"column":32}},"310":{"start":{"line":311,"column":0},"end":{"line":311,"column":19}},"311":{"start":{"line":312,"column":0},"end":{"line":312,"column":101}},"312":{"start":{"line":313,"column":0},"end":{"line":313,"column":66}},"313":{"start":{"line":314,"column":0},"end":{"line":314,"column":19}},"314":{"start":{"line":315,"column":0},"end":{"line":315,"column":16}},"315":{"start":{"line":316,"column":0},"end":{"line":316,"column":19}},"317":{"start":{"line":318,"column":0},"end":{"line":318,"column":19}},"319":{"start":{"line":320,"column":0},"end":{"line":320,"column":59}},"320":{"start":{"line":321,"column":0},"end":{"line":321,"column":38}},"321":{"start":{"line":322,"column":0},"end":{"line":322,"column":120}},"322":{"start":{"line":323,"column":0},"end":{"line":323,"column":64}},"324":{"start":{"line":325,"column":0},"end":{"line":325,"column":22}},"325":{"start":{"line":326,"column":0},"end":{"line":326,"column":20}},"326":{"start":{"line":327,"column":0},"end":{"line":327,"column":33}},"327":{"start":{"line":328,"column":0},"end":{"line":328,"column":29}},"328":{"start":{"line":329,"column":0},"end":{"line":329,"column":43}},"329":{"start":{"line":330,"column":0},"end":{"line":330,"column":35}},"330":{"start":{"line":331,"column":0},"end":{"line":331,"column":38}},"331":{"start":{"line":332,"column":0},"end":{"line":332,"column":52}},"332":{"start":{"line":333,"column":0},"end":{"line":333,"column":18}},"333":{"start":{"line":334,"column":0},"end":{"line":334,"column":209}},"334":{"start":{"line":335,"column":0},"end":{"line":335,"column":16}},"335":{"start":{"line":336,"column":0},"end":{"line":336,"column":18}},"336":{"start":{"line":337,"column":0},"end":{"line":337,"column":19}},"337":{"start":{"line":338,"column":0},"end":{"line":338,"column":27}},"338":{"start":{"line":339,"column":0},"end":{"line":339,"column":155}},"340":{"start":{"line":341,"column":0},"end":{"line":341,"column":45}},"342":{"start":{"line":343,"column":0},"end":{"line":343,"column":21}},"343":{"start":{"line":344,"column":0},"end":{"line":344,"column":16}},"344":{"start":{"line":345,"column":0},"end":{"line":345,"column":14}},"345":{"start":{"line":346,"column":0},"end":{"line":346,"column":16}},"347":{"start":{"line":348,"column":0},"end":{"line":348,"column":23}},"348":{"start":{"line":349,"column":0},"end":{"line":349,"column":33}},"349":{"start":{"line":350,"column":0},"end":{"line":350,"column":26}},"350":{"start":{"line":351,"column":0},"end":{"line":351,"column":58}},"351":{"start":{"line":352,"column":0},"end":{"line":352,"column":26}},"352":{"start":{"line":353,"column":0},"end":{"line":353,"column":34}},"353":{"start":{"line":354,"column":0},"end":{"line":354,"column":46}},"354":{"start":{"line":355,"column":0},"end":{"line":355,"column":12}},"355":{"start":{"line":356,"column":0},"end":{"line":356,"column":24}},"356":{"start":{"line":357,"column":0},"end":{"line":357,"column":36}},"357":{"start":{"line":358,"column":0},"end":{"line":358,"column":10}},"358":{"start":{"line":359,"column":0},"end":{"line":359,"column":51}},"359":{"start":{"line":360,"column":0},"end":{"line":360,"column":71}},"360":{"start":{"line":361,"column":0},"end":{"line":361,"column":10}},"361":{"start":{"line":362,"column":0},"end":{"line":362,"column":61}},"362":{"start":{"line":363,"column":0},"end":{"line":363,"column":76}},"363":{"start":{"line":364,"column":0},"end":{"line":364,"column":10}},"364":{"start":{"line":365,"column":0},"end":{"line":365,"column":65}},"365":{"start":{"line":366,"column":0},"end":{"line":366,"column":78}},"366":{"start":{"line":367,"column":0},"end":{"line":367,"column":10}},"367":{"start":{"line":368,"column":0},"end":{"line":368,"column":41}},"368":{"start":{"line":369,"column":0},"end":{"line":369,"column":39}},"369":{"start":{"line":370,"column":0},"end":{"line":370,"column":60}},"370":{"start":{"line":371,"column":0},"end":{"line":371,"column":39}},"371":{"start":{"line":372,"column":0},"end":{"line":372,"column":37}},"372":{"start":{"line":373,"column":0},"end":{"line":373,"column":20}},"373":{"start":{"line":374,"column":0},"end":{"line":374,"column":34}},"374":{"start":{"line":375,"column":0},"end":{"line":375,"column":13}},"376":{"start":{"line":377,"column":0},"end":{"line":377,"column":20}},"377":{"start":{"line":378,"column":0},"end":{"line":378,"column":26}},"378":{"start":{"line":379,"column":0},"end":{"line":379,"column":50}},"379":{"start":{"line":380,"column":0},"end":{"line":380,"column":13}},"380":{"start":{"line":381,"column":0},"end":{"line":381,"column":12}},"381":{"start":{"line":382,"column":0},"end":{"line":382,"column":10}},"382":{"start":{"line":383,"column":0},"end":{"line":383,"column":38}},"383":{"start":{"line":384,"column":0},"end":{"line":384,"column":8}},"385":{"start":{"line":386,"column":0},"end":{"line":386,"column":95}},"387":{"start":{"line":388,"column":0},"end":{"line":388,"column":105}},"388":{"start":{"line":389,"column":0},"end":{"line":389,"column":33}},"389":{"start":{"line":390,"column":0},"end":{"line":390,"column":20}},"390":{"start":{"line":391,"column":0},"end":{"line":391,"column":35}},"391":{"start":{"line":392,"column":0},"end":{"line":392,"column":41}},"392":{"start":{"line":393,"column":0},"end":{"line":393,"column":43}},"393":{"start":{"line":394,"column":0},"end":{"line":394,"column":43}},"394":{"start":{"line":395,"column":0},"end":{"line":395,"column":57}},"395":{"start":{"line":396,"column":0},"end":{"line":396,"column":47}},"396":{"start":{"line":397,"column":0},"end":{"line":397,"column":71}},"397":{"start":{"line":398,"column":0},"end":{"line":398,"column":39}},"398":{"start":{"line":399,"column":0},"end":{"line":399,"column":12}},"399":{"start":{"line":400,"column":0},"end":{"line":400,"column":14}},"401":{"start":{"line":402,"column":0},"end":{"line":402,"column":23}},"402":{"start":{"line":403,"column":0},"end":{"line":403,"column":128}},"403":{"start":{"line":404,"column":0},"end":{"line":404,"column":75}},"404":{"start":{"line":405,"column":0},"end":{"line":405,"column":71}},"405":{"start":{"line":406,"column":0},"end":{"line":406,"column":69}},"406":{"start":{"line":407,"column":0},"end":{"line":407,"column":76}},"407":{"start":{"line":408,"column":0},"end":{"line":408,"column":21}},"408":{"start":{"line":409,"column":0},"end":{"line":409,"column":57}},"409":{"start":{"line":410,"column":0},"end":{"line":410,"column":109}},"410":{"start":{"line":411,"column":0},"end":{"line":411,"column":70}},"411":{"start":{"line":412,"column":0},"end":{"line":412,"column":25}},"412":{"start":{"line":413,"column":0},"end":{"line":413,"column":25}},"413":{"start":{"line":414,"column":0},"end":{"line":414,"column":33}},"414":{"start":{"line":415,"column":0},"end":{"line":415,"column":36}},"415":{"start":{"line":416,"column":0},"end":{"line":416,"column":42}},"416":{"start":{"line":417,"column":0},"end":{"line":417,"column":22}},"417":{"start":{"line":418,"column":0},"end":{"line":418,"column":126}},"418":{"start":{"line":419,"column":0},"end":{"line":419,"column":53}},"420":{"start":{"line":421,"column":0},"end":{"line":421,"column":35}},"421":{"start":{"line":422,"column":0},"end":{"line":422,"column":27}},"422":{"start":{"line":423,"column":0},"end":{"line":423,"column":22}},"423":{"start":{"line":424,"column":0},"end":{"line":424,"column":20}},"424":{"start":{"line":425,"column":0},"end":{"line":425,"column":56}},"425":{"start":{"line":426,"column":0},"end":{"line":426,"column":91}},"426":{"start":{"line":427,"column":0},"end":{"line":427,"column":23}},"427":{"start":{"line":428,"column":0},"end":{"line":428,"column":18}},"429":{"start":{"line":430,"column":0},"end":{"line":430,"column":40}},"430":{"start":{"line":431,"column":0},"end":{"line":431,"column":25}},"431":{"start":{"line":432,"column":0},"end":{"line":432,"column":29}},"432":{"start":{"line":433,"column":0},"end":{"line":433,"column":32}},"433":{"start":{"line":434,"column":0},"end":{"line":434,"column":36}},"434":{"start":{"line":435,"column":0},"end":{"line":435,"column":50}},"435":{"start":{"line":436,"column":0},"end":{"line":436,"column":39}},"436":{"start":{"line":437,"column":0},"end":{"line":437,"column":33}},"437":{"start":{"line":438,"column":0},"end":{"line":438,"column":36}},"438":{"start":{"line":439,"column":0},"end":{"line":439,"column":18}},"439":{"start":{"line":440,"column":0},"end":{"line":440,"column":16}},"441":{"start":{"line":442,"column":0},"end":{"line":442,"column":25}},"442":{"start":{"line":443,"column":0},"end":{"line":443,"column":27}},"443":{"start":{"line":444,"column":0},"end":{"line":444,"column":32}},"444":{"start":{"line":445,"column":0},"end":{"line":445,"column":47}},"445":{"start":{"line":446,"column":0},"end":{"line":446,"column":43}},"446":{"start":{"line":447,"column":0},"end":{"line":447,"column":36}},"447":{"start":{"line":448,"column":0},"end":{"line":448,"column":50}},"448":{"start":{"line":449,"column":0},"end":{"line":449,"column":43}},"449":{"start":{"line":450,"column":0},"end":{"line":450,"column":43}},"450":{"start":{"line":451,"column":0},"end":{"line":451,"column":18}},"451":{"start":{"line":452,"column":0},"end":{"line":452,"column":39}},"452":{"start":{"line":453,"column":0},"end":{"line":453,"column":33}},"453":{"start":{"line":454,"column":0},"end":{"line":454,"column":36}},"454":{"start":{"line":455,"column":0},"end":{"line":455,"column":18}},"455":{"start":{"line":456,"column":0},"end":{"line":456,"column":16}},"457":{"start":{"line":458,"column":0},"end":{"line":458,"column":18}},"458":{"start":{"line":459,"column":0},"end":{"line":459,"column":17}},"459":{"start":{"line":460,"column":0},"end":{"line":460,"column":12}},"460":{"start":{"line":461,"column":0},"end":{"line":461,"column":10}},"462":{"start":{"line":463,"column":0},"end":{"line":463,"column":1}}},"s":{"0":1,"32":40,"33":40,"34":40,"35":40,"37":10,"38":10,"39":10,"40":10,"41":10,"42":10,"43":10,"45":10,"46":10,"48":10,"49":10,"50":10,"51":10,"53":10,"54":50,"55":50,"56":48,"57":48,"58":50,"59":50,"61":10,"62":10,"64":1,"65":25,"66":25,"67":25,"68":25,"69":25,"70":25,"71":25,"72":25,"73":25,"74":25,"75":25,"76":25,"77":25,"78":25,"79":25,"80":25,"81":25,"82":25,"84":25,"85":25,"86":25,"87":25,"88":25,"89":25,"90":25,"91":25,"92":25,"94":25,"96":25,"97":25,"98":25,"99":25,"101":25,"102":25,"103":25,"104":25,"106":25,"107":12,"108":12,"109":12,"111":0,"112":0,"113":0,"114":0,"115":25,"117":25,"118":12,"119":25,"121":25,"122":25,"123":25,"124":25,"126":25,"127":25,"129":25,"130":12,"131":12,"132":25,"134":25,"135":12,"136":2,"137":2,"139":10,"140":10,"141":12,"142":12,"143":12,"144":12,"145":25,"147":25,"148":3,"150":3,"151":3,"153":3,"154":1,"155":1,"156":1,"158":2,"159":2,"160":2,"161":2,"162":2,"163":2,"164":2,"166":2,"167":3,"168":3,"169":3,"170":3,"172":25,"173":0,"174":0,"175":0,"176":0,"177":0,"178":0,"179":0,"180":0,"181":0,"182":0,"184":25,"185":2,"186":2,"187":2,"188":2,"190":25,"191":3,"192":3,"193":3,"194":3,"196":25,"197":1,"198":1,"199":1,"200":1,"201":1,"202":1,"203":1,"204":1,"206":1,"207":1,"208":1,"209":1,"210":1,"211":1,"213":25,"214":1,"215":1,"216":1,"217":1,"218":1,"220":1,"222":24,"223":24,"224":24,"225":24,"226":24,"227":24,"228":24,"229":0,"230":0,"231":24,"232":24,"233":1,"234":1,"235":24,"237":24,"238":24,"239":24,"240":24,"241":24,"242":24,"243":24,"244":24,"245":24,"246":72,"247":72,"248":72,"249":72,"250":72,"251":72,"252":0,"253":0,"254":72,"255":72,"256":72,"257":72,"259":72,"260":72,"262":24,"263":24,"265":24,"266":24,"267":24,"268":24,"269":0,"270":0,"271":24,"272":24,"273":24,"274":0,"275":25,"277":25,"278":25,"279":25,"280":25,"281":25,"283":25,"284":25,"285":25,"286":25,"287":25,"288":25,"290":25,"292":25,"293":25,"294":25,"295":25,"296":0,"297":0,"298":25,"299":25,"300":24,"301":0,"302":25,"304":25,"305":25,"306":25,"307":25,"308":25,"310":25,"311":25,"312":25,"313":25,"314":25,"315":25,"317":25,"319":25,"320":25,"321":25,"322":25,"324":25,"325":25,"326":25,"327":25,"328":25,"329":25,"330":25,"331":0,"332":0,"333":25,"334":25,"335":25,"336":25,"337":25,"338":25,"340":25,"342":25,"343":25,"344":25,"345":25,"347":25,"348":25,"349":25,"350":25,"351":40,"352":40,"353":40,"354":25,"355":25,"356":0,"357":0,"358":25,"359":0,"360":0,"361":25,"362":0,"363":0,"364":25,"365":0,"366":0,"367":25,"368":0,"369":0,"370":0,"371":0,"372":0,"373":0,"374":0,"376":0,"377":0,"378":0,"379":0,"380":0,"381":0,"382":25,"383":25,"385":25,"387":25,"388":25,"389":25,"390":25,"391":25,"392":25,"393":25,"394":25,"395":25,"396":25,"397":25,"398":25,"399":25,"401":25,"402":13,"403":13,"404":13,"405":13,"406":13,"407":13,"408":13,"409":13,"410":13,"411":13,"412":13,"413":13,"414":13,"415":0,"416":0,"417":13,"418":13,"420":13,"421":13,"422":13,"423":13,"424":13,"425":4,"426":9,"427":13,"429":13,"430":9,"431":9,"432":9,"433":9,"434":9,"435":9,"436":9,"437":2,"438":2,"439":9,"441":4,"442":4,"443":4,"444":4,"445":4,"446":4,"447":4,"448":4,"449":0,"450":0,"451":4,"452":4,"453":0,"454":0,"455":4,"457":13,"458":11,"459":25,"460":25,"462":25},"branchMap":{"0":{"type":"branch","line":33,"loc":{"start":{"line":33,"column":0},"end":{"line":36,"column":1}},"locations":[{"start":{"line":33,"column":0},"end":{"line":36,"column":1}}]},"1":{"type":"branch","line":38,"loc":{"start":{"line":38,"column":0},"end":{"line":47,"column":1}},"locations":[{"start":{"line":38,"column":0},"end":{"line":47,"column":1}}]},"2":{"type":"branch","line":49,"loc":{"start":{"line":49,"column":0},"end":{"line":63,"column":1}},"locations":[{"start":{"line":49,"column":0},"end":{"line":63,"column":1}}]},"3":{"type":"branch","line":54,"loc":{"start":{"line":54,"column":27},"end":{"line":60,"column":3}},"locations":[{"start":{"line":54,"column":27},"end":{"line":60,"column":3}}]},"4":{"type":"branch","line":56,"loc":{"start":{"line":56,"column":16},"end":{"line":56,"column":32}},"locations":[{"start":{"line":56,"column":16},"end":{"line":56,"column":32}}]},"5":{"type":"branch","line":56,"loc":{"start":{"line":56,"column":32},"end":{"line":58,"column":5}},"locations":[{"start":{"line":56,"column":32},"end":{"line":58,"column":5}}]},"6":{"type":"branch","line":65,"loc":{"start":{"line":65,"column":7},"end":{"line":463,"column":1}},"locations":[{"start":{"line":65,"column":7},"end":{"line":463,"column":1}}]},"7":{"type":"branch","line":76,"loc":{"start":{"line":76,"column":85},"end":{"line":76,"column":94}},"locations":[{"start":{"line":76,"column":85},"end":{"line":76,"column":94}}]},"8":{"type":"branch","line":76,"loc":{"start":{"line":76,"column":88},"end":{"line":76,"column":98}},"locations":[{"start":{"line":76,"column":88},"end":{"line":76,"column":98}}]},"9":{"type":"branch","line":214,"loc":{"start":{"line":214,"column":21},"end":{"line":221,"column":3}},"locations":[{"start":{"line":214,"column":21},"end":{"line":221,"column":3}}]},"10":{"type":"branch","line":221,"loc":{"start":{"line":221,"column":2},"end":{"line":274,"column":60}},"locations":[{"start":{"line":221,"column":2},"end":{"line":274,"column":60}}]},"11":{"type":"branch","line":274,"loc":{"start":{"line":274,"column":18},"end":{"line":275,"column":60}},"locations":[{"start":{"line":274,"column":18},"end":{"line":275,"column":60}}]},"12":{"type":"branch","line":280,"loc":{"start":{"line":280,"column":16},"end":{"line":280,"column":51}},"locations":[{"start":{"line":280,"column":16},"end":{"line":280,"column":51}}]},"13":{"type":"branch","line":280,"loc":{"start":{"line":280,"column":35},"end":{"line":280,"column":65}},"locations":[{"start":{"line":280,"column":35},"end":{"line":280,"column":65}}]},"14":{"type":"branch","line":286,"loc":{"start":{"line":286,"column":18},"end":{"line":286,"column":55}},"locations":[{"start":{"line":286,"column":18},"end":{"line":286,"column":55}}]},"15":{"type":"branch","line":286,"loc":{"start":{"line":286,"column":37},"end":{"line":286,"column":70}},"locations":[{"start":{"line":286,"column":37},"end":{"line":286,"column":70}}]},"16":{"type":"branch","line":300,"loc":{"start":{"line":300,"column":14},"end":{"line":301,"column":60}},"locations":[{"start":{"line":300,"column":14},"end":{"line":301,"column":60}}]},"17":{"type":"branch","line":301,"loc":{"start":{"line":301,"column":18},"end":{"line":302,"column":60}},"locations":[{"start":{"line":301,"column":18},"end":{"line":302,"column":60}}]},"18":{"type":"branch","line":307,"loc":{"start":{"line":307,"column":16},"end":{"line":307,"column":47}},"locations":[{"start":{"line":307,"column":16},"end":{"line":307,"column":47}}]},"19":{"type":"branch","line":307,"loc":{"start":{"line":307,"column":31},"end":{"line":307,"column":61}},"locations":[{"start":{"line":307,"column":31},"end":{"line":307,"column":61}}]},"20":{"type":"branch","line":313,"loc":{"start":{"line":313,"column":18},"end":{"line":313,"column":51}},"locations":[{"start":{"line":313,"column":18},"end":{"line":313,"column":51}}]},"21":{"type":"branch","line":313,"loc":{"start":{"line":313,"column":33},"end":{"line":313,"column":66}},"locations":[{"start":{"line":313,"column":33},"end":{"line":313,"column":66}}]},"22":{"type":"branch","line":388,"loc":{"start":{"line":388,"column":36},"end":{"line":388,"column":88}},"locations":[{"start":{"line":388,"column":36},"end":{"line":388,"column":88}}]},"23":{"type":"branch","line":388,"loc":{"start":{"line":388,"column":49},"end":{"line":388,"column":101}},"locations":[{"start":{"line":388,"column":49},"end":{"line":388,"column":101}}]},"24":{"type":"branch","line":397,"loc":{"start":{"line":397,"column":42},"end":{"line":397,"column":62}},"locations":[{"start":{"line":397,"column":42},"end":{"line":397,"column":62}}]},"25":{"type":"branch","line":397,"loc":{"start":{"line":397,"column":52},"end":{"line":397,"column":71}},"locations":[{"start":{"line":397,"column":52},"end":{"line":397,"column":71}}]},"26":{"type":"branch","line":402,"loc":{"start":{"line":402,"column":9},"end":{"line":458,"column":18}},"locations":[{"start":{"line":402,"column":9},"end":{"line":458,"column":18}}]},"27":{"type":"branch","line":407,"loc":{"start":{"line":407,"column":34},"end":{"line":407,"column":61}},"locations":[{"start":{"line":407,"column":34},"end":{"line":407,"column":61}}]},"28":{"type":"branch","line":407,"loc":{"start":{"line":407,"column":45},"end":{"line":407,"column":76}},"locations":[{"start":{"line":407,"column":45},"end":{"line":407,"column":76}}]},"29":{"type":"branch","line":411,"loc":{"start":{"line":411,"column":36},"end":{"line":411,"column":60}},"locations":[{"start":{"line":411,"column":36},"end":{"line":411,"column":60}}]},"30":{"type":"branch","line":411,"loc":{"start":{"line":411,"column":47},"end":{"line":411,"column":70}},"locations":[{"start":{"line":411,"column":47},"end":{"line":411,"column":70}}]},"31":{"type":"branch","line":425,"loc":{"start":{"line":425,"column":30},"end":{"line":425,"column":56}},"locations":[{"start":{"line":425,"column":30},"end":{"line":425,"column":56}}]},"32":{"type":"branch","line":425,"loc":{"start":{"line":425,"column":40},"end":{"line":426,"column":91}},"locations":[{"start":{"line":425,"column":40},"end":{"line":426,"column":91}}]},"33":{"type":"branch","line":426,"loc":{"start":{"line":426,"column":87},"end":{"line":427,"column":23}},"locations":[{"start":{"line":426,"column":87},"end":{"line":427,"column":23}}]},"34":{"type":"branch","line":430,"loc":{"start":{"line":430,"column":28},"end":{"line":440,"column":16}},"locations":[{"start":{"line":430,"column":28},"end":{"line":440,"column":16}}]},"35":{"type":"branch","line":435,"loc":{"start":{"line":435,"column":23},"end":{"line":435,"column":45}},"locations":[{"start":{"line":435,"column":23},"end":{"line":435,"column":45}}]},"36":{"type":"branch","line":440,"loc":{"start":{"line":440,"column":14},"end":{"line":456,"column":16}},"locations":[{"start":{"line":440,"column":14},"end":{"line":456,"column":16}}]},"37":{"type":"branch","line":448,"loc":{"start":{"line":448,"column":23},"end":{"line":448,"column":45}},"locations":[{"start":{"line":448,"column":23},"end":{"line":448,"column":45}}]},"38":{"type":"branch","line":448,"loc":{"start":{"line":448,"column":34},"end":{"line":448,"column":50}},"locations":[{"start":{"line":448,"column":34},"end":{"line":448,"column":50}}]},"39":{"type":"branch","line":458,"loc":{"start":{"line":458,"column":10},"end":{"line":459,"column":17}},"locations":[{"start":{"line":458,"column":10},"end":{"line":459,"column":17}}]},"40":{"type":"branch","line":98,"loc":{"start":{"line":98,"column":4},"end":{"line":98,"column":70}},"locations":[{"start":{"line":98,"column":4},"end":{"line":98,"column":70}}]},"41":{"type":"branch","line":98,"loc":{"start":{"line":98,"column":60},"end":{"line":98,"column":70}},"locations":[{"start":{"line":98,"column":60},"end":{"line":98,"column":70}}]},"42":{"type":"branch","line":98,"loc":{"start":{"line":98,"column":24},"end":{"line":98,"column":60}},"locations":[{"start":{"line":98,"column":24},"end":{"line":98,"column":60}}]},"43":{"type":"branch","line":103,"loc":{"start":{"line":103,"column":4},"end":{"line":103,"column":71}},"locations":[{"start":{"line":103,"column":4},"end":{"line":103,"column":71}}]},"44":{"type":"branch","line":107,"loc":{"start":{"line":107,"column":34},"end":{"line":116,"column":5}},"locations":[{"start":{"line":107,"column":34},"end":{"line":116,"column":5}}]},"45":{"type":"branch","line":110,"loc":{"start":{"line":110,"column":4},"end":{"line":115,"column":29}},"locations":[{"start":{"line":110,"column":4},"end":{"line":115,"column":29}}]},"46":{"type":"branch","line":109,"loc":{"start":{"line":109,"column":31},"end":{"line":109,"column":48}},"locations":[{"start":{"line":109,"column":31},"end":{"line":109,"column":48}}]},"47":{"type":"branch","line":118,"loc":{"start":{"line":118,"column":40},"end":{"line":120,"column":5}},"locations":[{"start":{"line":118,"column":40},"end":{"line":120,"column":5}}]},"48":{"type":"branch","line":119,"loc":{"start":{"line":119,"column":37},"end":{"line":119,"column":64}},"locations":[{"start":{"line":119,"column":37},"end":{"line":119,"column":64}}]},"49":{"type":"branch","line":123,"loc":{"start":{"line":123,"column":4},"end":{"line":123,"column":62}},"locations":[{"start":{"line":123,"column":4},"end":{"line":123,"column":62}}]},"50":{"type":"branch","line":127,"loc":{"start":{"line":127,"column":33},"end":{"line":127,"column":79}},"locations":[{"start":{"line":127,"column":33},"end":{"line":127,"column":79}}]},"51":{"type":"branch","line":127,"loc":{"start":{"line":127,"column":59},"end":{"line":127,"column":76}},"locations":[{"start":{"line":127,"column":59},"end":{"line":127,"column":76}}]},"52":{"type":"branch","line":128,"loc":{"start":{"line":128,"column":34},"end":{"line":128,"column":89}},"locations":[{"start":{"line":128,"column":34},"end":{"line":128,"column":89}}]},"53":{"type":"branch","line":128,"loc":{"start":{"line":128,"column":66},"end":{"line":128,"column":86}},"locations":[{"start":{"line":128,"column":66},"end":{"line":128,"column":86}}]},"54":{"type":"branch","line":130,"loc":{"start":{"line":130,"column":31},"end":{"line":133,"column":5}},"locations":[{"start":{"line":130,"column":31},"end":{"line":133,"column":5}}]},"55":{"type":"branch","line":132,"loc":{"start":{"line":132,"column":26},"end":{"line":132,"column":51}},"locations":[{"start":{"line":132,"column":26},"end":{"line":132,"column":51}}]},"56":{"type":"branch","line":135,"loc":{"start":{"line":135,"column":27},"end":{"line":146,"column":5}},"locations":[{"start":{"line":135,"column":27},"end":{"line":146,"column":5}}]},"57":{"type":"branch","line":136,"loc":{"start":{"line":136,"column":31},"end":{"line":138,"column":5}},"locations":[{"start":{"line":136,"column":31},"end":{"line":138,"column":5}}]},"58":{"type":"branch","line":138,"loc":{"start":{"line":138,"column":4},"end":{"line":142,"column":51}},"locations":[{"start":{"line":138,"column":4},"end":{"line":142,"column":51}}]},"59":{"type":"branch","line":142,"loc":{"start":{"line":142,"column":36},"end":{"line":142,"column":64}},"locations":[{"start":{"line":142,"column":36},"end":{"line":142,"column":64}}]},"60":{"type":"branch","line":143,"loc":{"start":{"line":143,"column":33},"end":{"line":143,"column":48}},"locations":[{"start":{"line":143,"column":33},"end":{"line":143,"column":48}}]},"61":{"type":"branch","line":143,"loc":{"start":{"line":143,"column":36},"end":{"line":143,"column":61}},"locations":[{"start":{"line":143,"column":36},"end":{"line":143,"column":61}}]},"62":{"type":"branch","line":140,"loc":{"start":{"line":140,"column":45},"end":{"line":140,"column":97}},"locations":[{"start":{"line":140,"column":45},"end":{"line":140,"column":97}}]},"63":{"type":"branch","line":141,"loc":{"start":{"line":141,"column":43},"end":{"line":141,"column":89}},"locations":[{"start":{"line":141,"column":43},"end":{"line":141,"column":89}}]},"64":{"type":"branch","line":148,"loc":{"start":{"line":148,"column":2},"end":{"line":171,"column":3}},"locations":[{"start":{"line":148,"column":2},"end":{"line":171,"column":3}}]},"65":{"type":"branch","line":154,"loc":{"start":{"line":154,"column":24},"end":{"line":157,"column":7}},"locations":[{"start":{"line":154,"column":24},"end":{"line":157,"column":7}}]},"66":{"type":"branch","line":157,"loc":{"start":{"line":157,"column":6},"end":{"line":168,"column":6}},"locations":[{"start":{"line":157,"column":6},"end":{"line":168,"column":6}}]},"67":{"type":"branch","line":164,"loc":{"start":{"line":164,"column":26},"end":{"line":164,"column":47}},"locations":[{"start":{"line":164,"column":26},"end":{"line":164,"column":47}}]},"68":{"type":"branch","line":164,"loc":{"start":{"line":164,"column":41},"end":{"line":164,"column":77}},"locations":[{"start":{"line":164,"column":41},"end":{"line":164,"column":77}}]},"69":{"type":"branch","line":164,"loc":{"start":{"line":164,"column":71},"end":{"line":164,"column":103}},"locations":[{"start":{"line":164,"column":71},"end":{"line":164,"column":103}}]},"70":{"type":"branch","line":164,"loc":{"start":{"line":164,"column":97},"end":{"line":164,"column":107}},"locations":[{"start":{"line":164,"column":97},"end":{"line":164,"column":107}}]},"71":{"type":"branch","line":163,"loc":{"start":{"line":163,"column":51},"end":{"line":163,"column":95}},"locations":[{"start":{"line":163,"column":51},"end":{"line":163,"column":95}}]},"72":{"type":"branch","line":185,"loc":{"start":{"line":185,"column":2},"end":{"line":189,"column":3}},"locations":[{"start":{"line":185,"column":2},"end":{"line":189,"column":3}}]},"73":{"type":"branch","line":191,"loc":{"start":{"line":191,"column":2},"end":{"line":195,"column":3}},"locations":[{"start":{"line":191,"column":2},"end":{"line":195,"column":3}}]},"74":{"type":"branch","line":197,"loc":{"start":{"line":197,"column":2},"end":{"line":212,"column":3}},"locations":[{"start":{"line":197,"column":2},"end":{"line":212,"column":3}}]},"75":{"type":"branch","line":198,"loc":{"start":{"line":198,"column":42},"end":{"line":198,"column":83}},"locations":[{"start":{"line":198,"column":42},"end":{"line":198,"column":83}}]},"76":{"type":"branch","line":233,"loc":{"start":{"line":233,"column":28},"end":{"line":235,"column":10}},"locations":[{"start":{"line":233,"column":28},"end":{"line":235,"column":10}}]},"77":{"type":"branch","line":246,"loc":{"start":{"line":246,"column":28},"end":{"line":263,"column":13}},"locations":[{"start":{"line":246,"column":28},"end":{"line":263,"column":13}}]},"78":{"type":"branch","line":256,"loc":{"start":{"line":256,"column":21},"end":{"line":256,"column":69}},"locations":[{"start":{"line":256,"column":21},"end":{"line":256,"column":69}}]},"79":{"type":"branch","line":256,"loc":{"start":{"line":256,"column":32},"end":{"line":256,"column":106}},"locations":[{"start":{"line":256,"column":32},"end":{"line":256,"column":106}}]},"80":{"type":"branch","line":351,"loc":{"start":{"line":351,"column":47},"end":{"line":355,"column":10}},"locations":[{"start":{"line":351,"column":47},"end":{"line":355,"column":10}}]},"81":{"type":"branch","line":437,"loc":{"start":{"line":437,"column":26},"end":{"line":439,"column":18}},"locations":[{"start":{"line":437,"column":26},"end":{"line":439,"column":18}}]}},"b":{"0":[40],"1":[10],"2":[10],"3":[50],"4":[49],"5":[48],"6":[25],"7":[19],"8":[6],"9":[1],"10":[24],"11":[0],"12":[24],"13":[0],"14":[24],"15":[0],"16":[24],"17":[0],"18":[24],"19":[0],"20":[24],"21":[0],"22":[13],"23":[11],"24":[24],"25":[0],"26":[13],"27":[9],"28":[4],"29":[9],"30":[4],"31":[4],"32":[4],"33":[9],"34":[9],"35":[0],"36":[4],"37":[1],"38":[3],"39":[11],"40":[14],"41":[2],"42":[14],"43":[12],"44":[12],"45":[0],"46":[20],"47":[12],"48":[20],"49":[12],"50":[12],"51":[20],"52":[12],"53":[20],"54":[12],"55":[0],"56":[12],"57":[2],"58":[10],"59":[0],"60":[10],"61":[0],"62":[10],"63":[10],"64":[3],"65":[1],"66":[2],"67":[1],"68":[1],"69":[0],"70":[0],"71":[2],"72":[2],"73":[3],"74":[1],"75":[0],"76":[1],"77":[72],"78":[24],"79":[48],"80":[40],"81":[2]},"fnMap":{"0":{"name":"toUtcDate","decl":{"start":{"line":33,"column":0},"end":{"line":36,"column":1}},"loc":{"start":{"line":33,"column":0},"end":{"line":36,"column":1}},"line":33},"1":{"name":"formatRange","decl":{"start":{"line":38,"column":0},"end":{"line":47,"column":1}},"loc":{"start":{"line":38,"column":0},"end":{"line":47,"column":1}},"line":38},"2":{"name":"countWorkingDays","decl":{"start":{"line":49,"column":0},"end":{"line":63,"column":1}},"loc":{"start":{"line":49,"column":0},"end":{"line":63,"column":1}},"line":49},"3":{"name":"GanttInteractive","decl":{"start":{"line":65,"column":7},"end":{"line":463,"column":1}},"loc":{"start":{"line":65,"column":7},"end":{"line":463,"column":1}},"line":65},"4":{"name":"handleSubmit","decl":{"start":{"line":148,"column":2},"end":{"line":171,"column":3}},"loc":{"start":{"line":148,"column":2},"end":{"line":171,"column":3}},"line":148},"5":{"name":"handleToggleParent","decl":{"start":{"line":173,"column":2},"end":{"line":183,"column":3}},"loc":{"start":{"line":173,"column":2},"end":{"line":183,"column":3}},"line":173},"6":{"name":"handleSelectTask","decl":{"start":{"line":185,"column":2},"end":{"line":189,"column":3}},"loc":{"start":{"line":185,"column":2},"end":{"line":189,"column":3}},"line":185},"7":{"name":"handleOpenCreateDrawer","decl":{"start":{"line":191,"column":2},"end":{"line":195,"column":3}},"loc":{"start":{"line":191,"column":2},"end":{"line":195,"column":3}},"line":191},"8":{"name":"handleConfirmPrint","decl":{"start":{"line":197,"column":2},"end":{"line":212,"column":3}},"loc":{"start":{"line":197,"column":2},"end":{"line":212,"column":3}},"line":197},"9":{"name":"onBack","decl":{"start":{"line":229,"column":16},"end":{"line":231,"column":10}},"loc":{"start":{"line":229,"column":16},"end":{"line":231,"column":10}},"line":229},"10":{"name":"onOpenPrintOptions","decl":{"start":{"line":233,"column":28},"end":{"line":235,"column":10}},"loc":{"start":{"line":233,"column":28},"end":{"line":235,"column":10}},"line":233},"11":{"name":"onClick","decl":{"start":{"line":252,"column":27},"end":{"line":254,"column":20}},"loc":{"start":{"line":252,"column":27},"end":{"line":254,"column":20}},"line":252},"12":{"name":"onClick","decl":{"start":{"line":269,"column":21},"end":{"line":271,"column":14}},"loc":{"start":{"line":269,"column":21},"end":{"line":271,"column":14}},"line":269},"13":{"name":"onClick","decl":{"start":{"line":296,"column":21},"end":{"line":298,"column":14}},"loc":{"start":{"line":296,"column":21},"end":{"line":298,"column":14}},"line":296},"14":{"name":"onChange","decl":{"start":{"line":331,"column":26},"end":{"line":333,"column":18}},"loc":{"start":{"line":331,"column":26},"end":{"line":333,"column":18}},"line":331},"15":{"name":"onClose","decl":{"start":{"line":356,"column":17},"end":{"line":358,"column":10}},"loc":{"start":{"line":356,"column":17},"end":{"line":358,"column":10}},"line":356},"16":{"name":"onSelectionModeChange","decl":{"start":{"line":359,"column":31},"end":{"line":361,"column":10}},"loc":{"start":{"line":359,"column":31},"end":{"line":361,"column":10}},"line":359},"17":{"name":"onIncludeOneDayTasksChange","decl":{"start":{"line":362,"column":36},"end":{"line":364,"column":10}},"loc":{"start":{"line":362,"column":36},"end":{"line":364,"column":10}},"line":362},"18":{"name":"onExpandAllBeforePrintChange","decl":{"start":{"line":365,"column":38},"end":{"line":367,"column":10}},"loc":{"start":{"line":365,"column":38},"end":{"line":367,"column":10}},"line":365},"19":{"name":"onToggleManualTask","decl":{"start":{"line":368,"column":28},"end":{"line":382,"column":10}},"loc":{"start":{"line":368,"column":28},"end":{"line":382,"column":10}},"line":368},"20":{"name":"onClick","decl":{"start":{"line":415,"column":29},"end":{"line":417,"column":22}},"loc":{"start":{"line":415,"column":29},"end":{"line":417,"column":22}},"line":415},"21":{"name":"onCancel","decl":{"start":{"line":437,"column":26},"end":{"line":439,"column":18}},"loc":{"start":{"line":437,"column":26},"end":{"line":439,"column":18}},"line":437},"22":{"name":"onSelectTask","decl":{"start":{"line":449,"column":30},"end":{"line":451,"column":18}},"loc":{"start":{"line":449,"column":30},"end":{"line":451,"column":18}},"line":449},"23":{"name":"onCancel","decl":{"start":{"line":453,"column":26},"end":{"line":455,"column":18}},"loc":{"start":{"line":453,"column":26},"end":{"line":455,"column":18}},"line":453}},"f":{"0":40,"1":10,"2":10,"3":25,"4":3,"5":0,"6":2,"7":3,"8":1,"9":0,"10":1,"11":0,"12":0,"13":0,"14":0,"15":0,"16":0,"17":0,"18":0,"19":0,"20":0,"21":2,"22":0,"23":0}}
[...]
start":{"line":166,"column":0},"end":{"line":166,"column":5}},"166":{"start":{"line":167,"column":0},"end":{"line":167,"column":26}},"167":{"start":{"line":168,"column":0},"end":{"line":168,"column":47}},"168":{"start":{"line":169,"column":0},"end":{"line":169,"column":5}},"169":{"start":{"line":170,"column":0},"end":{"line":170,"column":32}},"170":{"start":{"line":171,"column":0},"end":{"line":171,"column":53}},"171":{"start":{"line":172,"column":0},"end":{"line":172,"column":5}},"172":{"start":{"line":173,"column":0},"end":{"line":173,"column":28}},"173":{"start":{"line":174,"column":0},"end":{"line":174,"column":49}},"174":{"start":{"line":175,"column":0},"end":{"line":175,"column":5}},"176":{"start":{"line":177,"column":0},"end":{"line":177,"column":12}},"177":{"start":{"line":178,"column":0},"end":{"line":178,"column":13}},"178":{"start":{"line":179,"column":0},"end":{"line":179,"column":28}},"179":{"start":{"line":180,"column":0},"end":{"line":180,"column":43}},"180":{"start":{"line":181,"column":0},"end":{"line":181,"column":36}},"181":{"start":{"line":182,"column":0},"end":{"line":182,"column":38}},"182":{"start":{"line":183,"column":0},"end":{"line":183,"column":41}},"183":{"start":{"line":184,"column":0},"end":{"line":184,"column":71}},"184":{"start":{"line":185,"column":0},"end":{"line":185,"column":51}},"185":{"start":{"line":186,"column":0},"end":{"line":186,"column":8}},"186":{"start":{"line":187,"column":0},"end":{"line":187,"column":57}},"187":{"start":{"line":188,"column":0},"end":{"line":188,"column":76}},"188":{"start":{"line":189,"column":0},"end":{"line":189,"column":85}},"189":{"start":{"line":190,"column":0},"end":{"line":190,"column":6}},"190":{"start":{"line":191,"column":0},"end":{"line":191,"column":3}},"192":{"start":{"line":193,"column":0},"end":{"line":193,"column":46}},"198":{"start":{"line":199,"column":0},"end":{"line":199,"column":21}},"199":{"start":{"line":200,"column":0},"end":{"line":200,"column":55}},"202":{"start":{"line":203,"column":0},"end":{"line":203,"column":72}},"203":{"start":{"line":204,"column":0},"end":{"line":204,"column":13}},"204":{"start":{"line":205,"column":0},"end":{"line":205,"column":22}},"205":{"start":{"line":206,"column":0},"end":{"line":206,"column":22}},"206":{"start":{"line":207,"column":0},"end":{"line":207,"column":39}},"207":{"start":{"line":208,"column":0},"end":{"line":208,"column":6}},"209":{"start":{"line":210,"column":0},"end":{"line":210,"column":74}},"210":{"start":{"line":211,"column":0},"end":{"line":211,"column":13}},"211":{"start":{"line":212,"column":0},"end":{"line":212,"column":22}},"212":{"start":{"line":213,"column":0},"end":{"line":213,"column":22}},"213":{"start":{"line":214,"column":0},"end":{"line":214,"column":14}},"214":{"start":{"line":215,"column":0},"end":{"line":215,"column":7}},"216":{"start":{"line":217,"column":0},"end":{"line":217,"column":16}},"217":{"start":{"line":218,"column":0},"end":{"line":218,"column":69}},"218":{"start":{"line":219,"column":0},"end":{"line":219,"column":31}},"219":{"start":{"line":220,"column":0},"end":{"line":220,"column":31}},"220":{"start":{"line":221,"column":0},"end":{"line":221,"column":25}},"221":{"start":{"line":222,"column":0},"end":{"line":222,"column":25}},"222":{"start":{"line":223,"column":0},"end":{"line":223,"column":8}},"223":{"start":{"line":224,"column":0},"end":{"line":224,"column":34}},"224":{"start":{"line":225,"column":0},"end":{"line":225,"column":44}},"225":{"start":{"line":226,"column":0},"end":{"line":226,"column":21}},"226":{"start":{"line":227,"column":0},"end":{"line":227,"column":8}},"227":{"start":{"line":228,"column":0},"end":{"line":228,"column":5}},"229":{"start":{"line":230,"column":0},"end":{"line":230,"column":56}},"230":{"start":{"line":231,"column":0},"end":{"line":231,"column":34}},"231":{"start":{"line":232,"column":0},"end":{"line":232,"column":30}},"232":{"start":{"line":233,"column":0},"end":{"line":233,"column":59}},"233":{"start":{"line":234,"column":0},"end":{"line":234,"column":8}},"234":{"start":{"line":235,"column":0},"end":{"line":235,"column":5}},"236":{"start":{"line":237,"column":0},"end":{"line":237,"column":16}},"237":{"start":{"line":238,"column":0},"end":{"line":238,"column":3}},"239":{"start":{"line":240,"column":0},"end":{"line":240,"column":35}},"242":{"start":{"line":243,"column":0},"end":{"line":243,"column":21}},"243":{"start":{"line":244,"column":0},"end":{"line":244,"column":40}},"245":{"start":{"line":246,"column":0},"end":{"line":246,"column":47}},"246":{"start":{"line":247,"column":0},"end":{"line":247,"column":20}},"247":{"start":{"line":248,"column":0},"end":{"line":248,"column":15}},"248":{"start":{"line":249,"column":0},"end":{"line":249,"column":30}},"249":{"start":{"line":250,"column":0},"end":{"line":250,"column":29}},"250":{"start":{"line":251,"column":0},"end":{"line":251,"column":31}},"251":{"start":{"line":252,"column":0},"end":{"line":252,"column":34}},"252":{"start":{"line":253,"column":0},"end":{"line":253,"column":53}},"253":{"start":{"line":254,"column":0},"end":{"line":254,"column":44}},"254":{"start":{"line":255,"column":0},"end":{"line":255,"column":8}},"255":{"start":{"line":256,"column":0},"end":{"line":256,"column":19}},"256":{"start":{"line":257,"column":0},"end":{"line":257,"column":32}},"258":{"start":{"line":259,"column":0},"end":{"line":259,"column":16}},"259":{"start":{"line":260,"column":0},"end":{"line":260,"column":37}},"260":{"start":{"line":261,"column":0},"end":{"line":261,"column":5}},"262":{"start":{"line":263,"column":0},"end":{"line":263,"column":19}},"263":{"start":{"line":264,"column":0},"end":{"line":264,"column":3}},"265":{"start":{"line":266,"column":0},"end":{"line":266,"column":35}},"268":{"start":{"line":269,"column":0},"end":{"line":269,"column":21}},"269":{"start":{"line":270,"column":0},"end":{"line":270,"column":41}},"271":{"start":{"line":272,"column":0},"end":{"line":272,"column":47}},"272":{"start":{"line":273,"column":0},"end":{"line":273,"column":20}},"273":{"start":{"line":274,"column":0},"end":{"line":274,"column":15}},"274":{"start":{"line":275,"column":0},"end":{"line":275,"column":34}},"275":{"start":{"line":276,"column":0},"end":{"line":276,"column":23}},"276":{"start":{"line":277,"column":0},"end":{"line":277,"column":19}},"277":{"start":{"line":278,"column":0},"end":{"line":278,"column":37}},"279":{"start":{"line":280,"column":0},"end":{"line":280,"column":16}},"280":{"start":{"line":281,"column":0},"end":{"line":281,"column":37}},"281":{"start":{"line":282,"column":0},"end":{"line":282,"column":5}},"283":{"start":{"line":284,"column":0},"end":{"line":284,"column":16}},"284":{"start":{"line":285,"column":0},"end":{"line":285,"column":71}},"285":{"start":{"line":286,"column":0},"end":{"line":286,"column":5}},"286":{"start":{"line":287,"column":0},"end":{"line":287,"column":3}},"288":{"start":{"line":289,"column":0},"end":{"line":289,"column":33}},"292":{"start":{"line":293,"column":0},"end":{"line":293,"column":21}},"293":{"start":{"line":294,"column":0},"end":{"line":294,"column":47}},"294":{"start":{"line":295,"column":0},"end":{"line":295,"column":56}},"296":{"start":{"line":297,"column":0},"end":{"line":297,"column":64}},"297":{"start":{"line":298,"column":0},"end":{"line":298,"column":7}},"298":{"start":{"line":299,"column":0},"end":{"line":299,"column":20}},"299":{"start":{"line":300,"column":0},"end":{"line":300,"column":30}},"300":{"start":{"line":301,"column":0},"end":{"line":301,"column":24}},"301":{"start":{"line":302,"column":0},"end":{"line":302,"column":28}},"302":{"start":{"line":303,"column":0},"end":{"line":303,"column":41}},"303":{"start":{"line":304,"column":0},"end":{"line":304,"column":40}},"304":{"start":{"line":305,"column":0},"end":{"line":305,"column":26}},"305":{"start":{"line":306,"column":0},"end":{"line":306,"column":8}},"306":{"start":{"line":307,"column":0},"end":{"line":307,"column":26}},"307":{"start":{"line":308,"column":0},"end":{"line":308,"column":6}},"309":{"start":{"line":310,"column":0},"end":{"line":310,"column":16}},"310":{"start":{"line":311,"column":0},"end":{"line":311,"column":37}},"311":{"start":{"line":312,"column":0},"end":{"line":312,"column":5}},"312":{"start":{"line":313,"column":0},"end":{"line":313,"column":3}},"314":{"start":{"line":315,"column":0},"end":{"line":315,"column":39}},"318":{"start":{"line":319,"column":0},"end":{"line":319,"column":21}},"319":{"start":{"line":320,"column":0},"end":{"line":320,"column":53}},"321":{"start":{"line":322,"column":0},"end":{"line":322,"column":70}},"322":{"start":{"line":323,"column":0},"end":{"line":323,"column":7}},"323":{"start":{"line":324,"column":0},"end":{"line":324,"column":30}},"324":{"start":{"line":325,"column":0},"end":{"line":325,"column":24}},"325":{"start":{"line":326,"column":0},"end":{"line":326,"column":36}},"326":{"start":{"line":327,"column":0},"end":{"line":327,"column":50}},"327":{"start":{"line":328,"column":0},"end":{"line":328,"column":8}},"328":{"start":{"line":329,"column":0},"end":{"line":329,"column":46}},"329":{"start":{"line":330,"column":0},"end":{"line":330,"column":6}},"331":{"start":{"line":332,"column":0},"end":{"line":332,"column":16}},"332":{"start":{"line":333,"column":0},"end":{"line":333,"column":37}},"333":{"start":{"line":334,"column":0},"end":{"line":334,"column":5}},"334":{"start":{"line":335,"column":0},"end":{"line":335,"column":3}},"336":{"start":{"line":337,"column":0},"end":{"line":337,"column":49}},"340":{"start":{"line":341,"column":0},"end":{"line":341,"column":21}},"341":{"start":{"line":342,"column":0},"end":{"line":342,"column":49}},"343":{"start":{"line":344,"column":0},"end":{"line":344,"column":41}},"344":{"start":{"line":345,"column":0},"end":{"line":345,"column":27}},"345":{"start":{"line":346,"column":0},"end":{"line":346,"column":15}},"346":{"start":{"line":347,"column":0},"end":{"line":347,"column":34}},"347":{"start":{"line":348,"column":0},"end":{"line":348,"column":28}},"348":{"start":{"line":349,"column":0},"end":{"line":349,"column":30}},"350":{"start":{"line":351,"column":0},"end":{"line":351,"column":16}},"351":{"start":{"line":352,"column":0},"end":{"line":352,"column":37}},"352":{"start":{"line":353,"column":0},"end":{"line":353,"column":5}},"353":{"start":{"line":354,"column":0},"end":{"line":354,"column":3}},"355":{"start":{"line":356,"column":0},"end":{"line":356,"column":65}},"356":{"start":{"line":357,"column":0},"end":{"line":357,"column":15}},"357":{"start":{"line":358,"column":0},"end":{"line":358,"column":30}},"358":{"start":{"line":359,"column":0},"end":{"line":359,"column":24}},"359":{"start":{"line":360,"column":0},"end":{"line":360,"column":23}},"360":{"start":{"line":361,"column":0},"end":{"line":361,"column":26}},"361":{"start":{"line":362,"column":0},"end":{"line":362,"column":57}},"362":{"start":{"line":363,"column":0},"end":{"line":363,"column":30}},"363":{"start":{"line":364,"column":0},"end":{"line":364,"column":9}},"364":{"start":{"line":365,"column":0},"end":{"line":365,"column":35}},"365":{"start":{"line":366,"column":0},"end":{"line":366,"column":21}},"366":{"start":{"line":367,"column":0},"end":{"line":367,"column":5}},"368":{"start":{"line":369,"column":0},"end":{"line":369,"column":82}},"369":{"start":{"line":370,"column":0},"end":{"line":370,"column":25}},"370":{"start":{"line":371,"column":0},"end":{"line":371,"column":39}},"371":{"start":{"line":372,"column":0},"end":{"line":372,"column":15}},"372":{"start":{"line":373,"column":0},"end":{"line":373,"column":5}},"373":{"start":{"line":374,"column":0},"end":{"line":374,"column":1}}},"s":{"0":1,"19":1,"20":1,"22":1,"23":3,"24":3,"25":3,"26":3,"27":1,"77":1,"78":1,"80":1,"81":1,"82":0,"83":0,"84":1,"91":1,"92":0,"93":0,"94":0,"95":0,"96":0,"97":0,"98":0,"100":0,"101":0,"102":0,"108":0,"109":0,"110":0,"111":0,"112":0,"113":0,"114":0,"115":0,"116":0,"117":0,"118":0,"119":0,"120":0,"121":0,"123":1,"126":0,"127":0,"129":0,"130":0,"131":0,"132":0,"133":0,"134":0,"136":0,"137":0,"138":0,"139":0,"140":0,"141":0,"142":0,"144":0,"145":0,"146":0,"147":0,"148":0,"149":0,"151":0,"152":0,"153":0,"154":0,"156":0,"157":0,"158":0,"159":0,"160":0,"161":0,"163":0,"164":0,"165":0,"166":0,"167":0,"168":0,"169":0,"170":0,"171":0,"172":0,"173":0,"174":0,"176":0,"177":0,"178":0,"179":0,"180":0,"181":0,"182":0,"183":0,"184":0,"185":0,"186":0,"187":0,"188":0,"189":0,"190":0,"192":1,"198":2,"199":2,"202":2,"203":2,"204":2,"205":2,"206":2,"207":2,"209":2,"210":2,"211":2,"212":2,"213":2,"214":2,"216":2,"217":1,"218":1,"219":1,"220":1,"221":1,"222":1,"223":1,"224":1,"225":1,"226":1,"227":1,"229":2,"230":0,"231":0,"232":0,"233":0,"234":0,"236":1,"237":2,"239":1,"242":1,"243":1,"245":1,"246":1,"247":1,"248":1,"249":1,"250":1,"251":1,"252":1,"253":1,"254":1,"255":1,"256":1,"258":1,"259":0,"260":0,"262":1,"263":1,"265":1,"268":1,"269":1,"271":1,"272":1,"273":1,"274":1,"275":1,"276":1,"277":1,"279":1,"280":0,"281":0,"283":1,"284":1,"285":1,"286":1,"288":1,"292":1,"293":1,"294":1,"296":1,"297":1,"298":1,"299":1,"300":1,"301":1,"302":1,"303":1,"304":1,"305":1,"306":1,"307":1,"309":1,"310":0,"311":0,"312":1,"314":1,"318":0,"319":0,"321":0,"322":0,"323":0,"324":0,"325":0,"326":0,"327":0,"328":0,"329":0,"331":0,"332":0,"333":0,"334":0,"336":1,"340":0,"341":0,"343":0,"344":0,"345":0,"346":0,"347":0,"348":0,"350":0,"351":0,"352":0,"353":0,"355":1,"356":0,"357":0,"358":0,"359":0,"360":0,"361":0,"362":0,"363":0,"364":0,"365":0,"366":0,"368":5,"369":0,"370":0,"371":0,"372":0,"373":1},"branchMap":{"0":{"type":"branch","line":21,"loc":{"start":{"line":21,"column":18},"end":{"line":21,"column":48}},"locations":[{"start":{"line":21,"column":18},"end":{"line":21,"column":48}}]},"1":{"type":"branch","line":23,"loc":{"start":{"line":23,"column":9},"end":{"line":27,"column":3}},"locations":[{"start":{"line":23,"column":9},"end":{"line":27,"column":3}}]},"2":{"type":"branch","line":79,"loc":{"start":{"line":79,"column":9},"end":{"line":79,"column":66}},"locations":[{"start":{"line":79,"column":9},"end":{"line":79,"column":66}}]},"3":{"type":"branch","line":81,"loc":{"start":{"line":81,"column":10},"end":{"line":85,"column":3}},"locations":[{"start":{"line":81,"column":10},"end":{"line":85,"column":3}}]},"4":{"type":"branch","line":82,"loc":{"start":{"line":82,"column":22},"end":{"line":84,"column":5}},"locations":[{"start":{"line":82,"column":22},"end":{"line":84,"column":5}}]},"5":{"type":"branch","line":193,"loc":{"start":{"line":193,"column":2},"end":{"line":238,"column":3}},"locations":[{"start":{"line":193,"column":2},"end":{"line":238,"column":3}}]},"6":{"type":"branch","line":217,"loc":{"start":{"line":217,"column":15},"end":{"line":230,"column":55}},"locations":[{"start":{"line":217,"column":15},"end":{"line":230,"column":55}}]},"7":{"type":"branch","line":230,"loc":{"start":{"line":230,"column":55},"end":{"line":235,"column":5}},"locations":[{"start":{"line":230,"column":55},"end":{"line":235,"column":5}}]},"8":{"type":"branch","line":235,"loc":{"start":{"line":235,"column":4},"end":{"line":237,"column":16}},"locations":[{"start":{"line":235,"column":4},"end":{"line":237,"column":16}}]},"9":{"type":"branch","line":240,"loc":{"start":{"line":240,"column":2},"end":{"line":264,"column":3}},"locations":[{"start":{"line":240,"column":2},"end":{"line":264,"column":3}}]},"10":{"type":"branch","line":259,"loc":{"start":{"line":259,"column":15},"end":{"line":261,"column":5}},"locations":[{"start":{"line":259,"column":15},"end":{"line":261,"column":5}}]},"11":{"type":"branch","line":266,"loc":{"start":{"line":266,"column":2},"end":{"line":287,"column":3}},"locations":[{"start":{"line":266,"column":2},"end":{"line":287,"column":3}}]},"12":{"type":"branch","line":280,"loc":{"start":{"line":280,"column":15},"end":{"line":282,"column":5}},"locations":[{"start":{"line":280,"column":15},"end":{"line":282,"column":5}}]},"13":{"type":"branch","line":289,"loc":{"start":{"line":289,"column":2},"end":{"line":313,"column":3}},"locations":[{"start":{"line":289,"column":2},"end":{"line":313,"column":3}}]},"14":{"type":"branch","line":310,"loc":{"start":{"line":310,"column":15},"end":{"line":312,"column":5}},"locations":[{"start":{"line":310,"column":15},"end":{"line":312,"column":5}}]},"15":{"type":"branch","line":356,"loc":{"start":{"line":356,"column":19},"end":{"line":373,"column":5}},"locations":[{"start":{"line":356,"column":19},"end":{"line":373,"column":5}}]}},"b":{"0":[3],"1":[3],"2":[5],"3":[1],"4":[0],"5":[2],"6":[1],"7":[0],"8":[1],"9":[1],"10":[0],"11":[1],"12":[0],"13":[1],"14":[0],"15":[5]},"fnMap":{"0":{"name":"<instance_members_initializer>","decl":{"start":{"line":21,"column":18},"end":{"line":21,"column":48}},"loc":{"start":{"line":21,"column":18},"end":{"line":21,"column":48}},"line":21},"1":{"name":"RepoAccessError","decl":{"start":{"line":23,"column":9},"end":{"line":27,"column":3}},"loc":{"start":{"line":23,"column":9},"end":{"line":27,"column":3}},"line":23},"2":{"name":"GanttRepo","decl":{"start":{"line":79,"column":9},"end":{"line":79,"column":66}},"loc":{"start":{"line":79,"column":9},"end":{"line":79,"column":66}},"line":79},"3":{"name":"assertValidDuration","decl":{"start":{"line":81,"column":10},"end":{"line":85,"column":3}},"loc":{"start":{"line":81,"column":10},"end":{"line":85,"column":3}},"line":81},"4":{"name":"listObras","decl":{"start":{"line":92,"column":2},"end":{"line":122,"column":3}},"loc":{"start":{"line":92,"column":2},"end":{"line":122,"column":3}},"line":92},"5":{"name":"getObraSchedule","decl":{"start":{"line":124,"column":2},"end":{"line":191,"column":3}},"loc":{"start":{"line":124,"column":2},"end":{"line":191,"column":3}},"line":124},"6":{"name":"mutateTaskGraphAtomic","decl":{"start":{"line":193,"column":2},"end":{"line":238,"column":3}},"loc":{"start":{"line":193,"column":2},"end":{"line":238,"column":3}},"line":193},"7":{"name":"createObra","decl":{"start":{"line":240,"column":2},"end":{"line":264,"column":3}},"loc":{"start":{"line":240,"column":2},"end":{"line":264,"column":3}},"line":240},"8":{"name":"deleteObra","decl":{"start":{"line":266,"column":2},"end":{"line":287,"column":3}},"loc":{"start":{"line":266,"column":2},"end":{"line":287,"column":3}},"line":266},"9":{"name":"saveTask","decl":{"start":{"line":289,"column":2},"end":{"line":313,"column":3}},"loc":{"start":{"line":289,"column":2},"end":{"line":313,"column":3}},"line":289},"10":{"name":"saveDependency","decl":{"start":{"line":315,"column":2},"end":{"line":335,"column":3}},"loc":{"start":{"line":315,"column":2},"end":{"line":335,"column":3}},"line":315},"11":{"name":"clearDependenciesForTask","decl":{"start":{"line":337,"column":2},"end":{"line":354,"column":3}},"loc":{"start":{"line":337,"column":2},"end":{"line":354,"column":3}},"line":337},"12":{"name":"<instance_members_initializer>","decl":{"start":{"line":356,"column":19},"end":{"line":373,"column":5}},"loc":{"start":{"line":356,"column":19},"end":{"line":373,"column":5}},"line":356},"13":{"name":"mapTaskRow","decl":{"start":{"line":356,"column":32},"end":{"line":367,"column":5}},"loc":{"start":{"line":356,"column":32},"end":{"line":367,"column":5}},"line":356},"14":{"name":"mapDependencyRow","decl":{"start":{"line":369,"column":38},"end":{"line":373,"column":5}},"loc":{"start":{"line":369,"column":38},"end":{"line":373,"column":5}},"line":369}},"f":{"0":3,"1":3,"2":5,"3":1,"4":0,"5":0,"6":2,"7":1,"8":1,"9":1,"10":0,"11":0,"12":5,"13":0,"14":0}}
,"/Users/damiancanton/Documents/gannt-inther/types/gantt.ts": {"path":"/Users/damiancanton/Documents/gannt-inther/types/gantt.ts","all":true,"statementMap":{},"s":{},"branchMap":{"0":{"type":"branch","line":1,"loc":{"start":{"line":1,"column":2936},"end":{"line":129,"column":1}},"locations":[{"start":{"line":1,"column":2936},"end":{"line":129,"column":1}}]}},"b":{"0":[1]},"fnMap":{"0":{"name":"(empty-report)","decl":{"start":{"line":1,"column":2936},"end":{"line":129,"column":1}},"loc":{"start":{"line":1,"column":2936},"end":{"line":129,"column":1}},"line":1}},"f":{"0":1}}
}
